00:19:40.659 [main] INFO  org.testng.internal.Utils - [Utils] MethodGroupsHelper.sortMethods() took 0 ms.
00:19:40.694 [main] INFO  org.testng.internal.Utils - [Utils] MethodGroupsHelper.collectMethodsByGroup() took 16 ms.
00:19:40.719 [main] INFO  org.testng.internal.Utils - [Utils] MethodGroupsHelper.sortMethods() took 23 ms.
00:19:40.721 [main] INFO  org.testng.internal.Utils - [Utils] MethodGroupsHelper.collectMethodsByGroup() took 0 ms.
00:19:40.722 [main] INFO  org.testng.internal.Utils - [Utils] MethodGroupsHelper.sortMethods() took 0 ms.
00:19:40.724 [main] INFO  org.testng.internal.Utils - [Utils] MethodGroupsHelper.collectMethodsByGroup() took 0 ms.
00:19:40.724 [main] INFO  org.testng.internal.Utils - [Utils] MethodGroupsHelper.sortMethods() took 0 ms.
00:19:40.726 [main] INFO  org.testng.internal.Utils - [Utils] MethodGroupsHelper.collectMethodsByGroup() took 0 ms.
00:19:40.726 [main] INFO  org.testng.internal.Utils - [Utils] MethodGroupsHelper.sortMethods() took 0 ms.
00:19:40.730 [main] INFO  org.testng.internal.Utils - [Utils] MethodGroupsHelper.collectMethodsByGroup() took 0 ms.
00:19:40.731 [main] INFO  org.testng.internal.Utils - [Utils] MethodGroupsHelper.sortMethods() took 0 ms.
00:19:40.731 [main] INFO  org.testng.internal.Utils - [Utils] MethodGroupsHelper.collectMethodsByGroup() took 0 ms.
00:19:40.731 [main] INFO  org.testng.internal.Utils - [Utils] MethodGroupsHelper.sortMethods() took 0 ms.
00:19:40.734 [main] INFO  org.testng.internal.Utils - [Utils] MethodGroupsHelper.collectMethodsByGroup() took 0 ms.
00:19:40.735 [main] INFO  org.testng.internal.Utils - [Utils] MethodGroupsHelper.sortMethods() took 0 ms.
00:19:40.735 [main] INFO  org.testng.internal.Utils - [Utils] MethodGroupsHelper.collectMethodsByGroup() took 0 ms.
00:19:40.735 [main] INFO  org.testng.internal.Utils - [Utils] MethodGroupsHelper.sortMethods() took 0 ms.
00:19:40.736 [main] INFO  org.testng.internal.Utils - [Utils] MethodGroupsHelper.collectMethodsByGroup() took 0 ms.
00:19:40.737 [main] INFO  org.testng.internal.Utils - [Utils] MethodGroupsHelper.sortMethods() took 1 ms.
00:19:40.739 [main] INFO  org.testng.internal.Utils - [Utils] MethodGroupsHelper.collectMethodsByGroup() took 0 ms.
00:19:40.739 [main] INFO  org.testng.internal.Utils - [Utils] MethodGroupsHelper.sortMethods() took 0 ms.
00:19:40.739 [main] INFO  org.testng.internal.Utils - [Utils] MethodGroupsHelper.collectMethodsByGroup() took 0 ms.
00:19:40.740 [main] INFO  org.testng.internal.Utils - [Utils] MethodGroupsHelper.sortMethods() took 0 ms.
00:19:40.752 [main] INFO  org.testng.internal.Utils - [TestNG] Running:
  C:\Users\dheeraj\AppData\Local\Temp\testng-eclipse--1045893978\testng-customsuite.xml

00:19:40.780 [main] INFO  org.testng.internal.Utils - [Utils] DynamicGraphHelper.createDynamicGraph() took 11 ms.
00:19:41.059 [main] INFO  org.testng.internal.Utils - [TestNG] Time taken by org.testng.reporters.jq.Main@4c4748bf: 110 ms
00:19:41.080 [main] INFO  org.testng.internal.Utils - [TestNG] Time taken by org.testng.reporters.FailedReporter@463b4ac8: 20 ms
00:19:41.095 [main] INFO  org.testng.internal.Utils - [TestNG] Time taken by org.testng.reporters.XMLReporter@625abb97: 14 ms
00:19:41.112 [main] INFO  org.testng.internal.Utils - [TestNG] Time taken by org.testng.reporters.EmailableReporter2@4212a0c8: 17 ms
00:19:41.124 [main] INFO  org.testng.internal.Utils - [TestNG] Time taken by org.testng.reporters.JUnitReportReporter@655f7ea: 11 ms
00:19:41.124 [main] INFO  org.testng.internal.Utils - [TestNG] Time taken by org.testng.internal.ExitCodeListener@549949be: 0 ms
00:20:13.273 [main] DEBUG org.testng.TestNG - suiteXmlPath: "C:\Users\dheeraj\eclipse-workspace\OpencartV121\master.xml"
00:20:13.568 [main] INFO  org.testng.internal.Utils - [TestNG] Running:
  C:\Users\dheeraj\eclipse-workspace\OpencartV121\master.xml

00:20:17.521 [main] INFO  testCases.TC002_LoginTest - ****Starting TC002_LoginTest ***
00:20:19.007 [main] INFO  testCases.TC002_LoginTest - *** Finished TC002_LoginTest ***** 
00:23:23.362 [main] DEBUG org.testng.TestNG - suiteXmlPath: "C:\Users\dheeraj\eclipse-workspace\OpencartV121\crossbrowsertesting.xml"
00:23:23.695 [main] INFO  org.testng.internal.Utils - [TestNG] Running:
  C:\Users\dheeraj\eclipse-workspace\OpencartV121\crossbrowsertesting.xml

00:23:29.318 [TestNG-tests-2] INFO  testCases.TC001_AccountRegistrationTest - ****Starting TC001_AccountRegistrationTest ****
00:23:29.623 [TestNG-tests-2] INFO  testCases.TC001_AccountRegistrationTest - Clicked on MyAccount
00:23:30.676 [TestNG-tests-2] INFO  testCases.TC001_AccountRegistrationTest - Clicked on MyRegister
00:23:30.683 [TestNG-tests-2] INFO  testCases.TC001_AccountRegistrationTest - Providing customer details
00:23:31.981 [TestNG-tests-1] INFO  testCases.TC001_AccountRegistrationTest - ****Starting TC001_AccountRegistrationTest ****
00:23:32.324 [TestNG-tests-1] INFO  testCases.TC001_AccountRegistrationTest - Clicked on MyAccount
00:23:32.767 [TestNG-tests-2] INFO  testCases.TC001_AccountRegistrationTest - Validation expected message...
00:23:33.294 [TestNG-tests-1] INFO  testCases.TC001_AccountRegistrationTest - Clicked on MyRegister
00:23:33.295 [TestNG-tests-1] INFO  testCases.TC001_AccountRegistrationTest - Providing customer details
00:23:33.798 [TestNG-tests-2] INFO  testCases.TC001_AccountRegistrationTest - ......We are the First test cases......
00:23:33.877 [TestNG-tests-2] INFO  testCases.TC001_AccountRegistrationTest - .......finish TC001_AccountRegistrationTest.....
00:23:34.364 [TestNG-tests-1] INFO  testCases.TC001_AccountRegistrationTest - Validation expected message...
00:23:35.200 [TestNG-tests-1] INFO  testCases.TC001_AccountRegistrationTest - ......We are the First test cases......
00:23:35.252 [TestNG-tests-1] INFO  testCases.TC001_AccountRegistrationTest - .......finish TC001_AccountRegistrationTest.....
00:23:36.540 [TestNG-tests-3] INFO  testCases.TC001_AccountRegistrationTest - ****Starting TC001_AccountRegistrationTest ****
00:23:36.864 [TestNG-tests-3] INFO  testCases.TC001_AccountRegistrationTest - Clicked on MyAccount
00:23:37.322 [TestNG-tests-3] INFO  testCases.TC001_AccountRegistrationTest - Clicked on MyRegister
00:23:37.322 [TestNG-tests-3] INFO  testCases.TC001_AccountRegistrationTest - Providing customer details
00:23:38.164 [TestNG-tests-3] INFO  testCases.TC001_AccountRegistrationTest - Validation expected message...
00:23:38.214 [TestNG-tests-3] INFO  testCases.TC001_AccountRegistrationTest - ......We are the First test cases......
00:23:38.840 [TestNG-tests-3] INFO  testCases.TC001_AccountRegistrationTest - .......finish TC001_AccountRegistrationTest.....
00:25:25.411 [main] DEBUG org.testng.TestNG - suiteXmlPath: "C:\Users\dheeraj\eclipse-workspace\OpencartV121\crossbrowsertesting.xml"
00:25:25.782 [main] INFO  org.testng.internal.Utils - [TestNG] Running:
  C:\Users\dheeraj\eclipse-workspace\OpencartV121\crossbrowsertesting.xml

00:25:30.307 [TestNG-tests-1] INFO  testCases.TC001_AccountRegistrationTest - ****Starting TC001_AccountRegistrationTest ****
00:25:30.666 [TestNG-tests-1] INFO  testCases.TC001_AccountRegistrationTest - Clicked on MyAccount
00:25:32.146 [TestNG-tests-1] INFO  testCases.TC001_AccountRegistrationTest - Clicked on MyRegister
00:25:32.166 [TestNG-tests-1] INFO  testCases.TC001_AccountRegistrationTest - Providing customer details
00:25:33.548 [TestNG-tests-2] INFO  testCases.TC001_AccountRegistrationTest - ****Starting TC001_AccountRegistrationTest ****
00:25:33.823 [TestNG-tests-2] INFO  testCases.TC001_AccountRegistrationTest - Clicked on MyAccount
00:25:34.117 [TestNG-tests-1] INFO  testCases.TC001_AccountRegistrationTest - Validation expected message...
00:25:35.052 [TestNG-tests-2] INFO  testCases.TC001_AccountRegistrationTest - Clicked on MyRegister
00:25:35.052 [TestNG-tests-2] INFO  testCases.TC001_AccountRegistrationTest - Providing customer details
00:25:35.537 [TestNG-tests-1] INFO  testCases.TC001_AccountRegistrationTest - ......We are the First test cases......
00:25:35.617 [TestNG-tests-1] INFO  testCases.TC001_AccountRegistrationTest - .......finish TC001_AccountRegistrationTest.....
00:25:36.670 [TestNG-tests-2] INFO  testCases.TC001_AccountRegistrationTest - Validation expected message...
00:25:37.486 [TestNG-tests-3] INFO  testCases.TC001_AccountRegistrationTest - ****Starting TC001_AccountRegistrationTest ****
00:25:37.701 [TestNG-tests-2] INFO  testCases.TC001_AccountRegistrationTest - ......We are the First test cases......
00:25:37.752 [TestNG-tests-2] INFO  testCases.TC001_AccountRegistrationTest - .......finish TC001_AccountRegistrationTest.....
00:25:37.794 [TestNG-tests-3] INFO  testCases.TC001_AccountRegistrationTest - Clicked on MyAccount
00:25:38.482 [TestNG-tests-3] INFO  testCases.TC001_AccountRegistrationTest - Clicked on MyRegister
00:25:38.482 [TestNG-tests-3] INFO  testCases.TC001_AccountRegistrationTest - Providing customer details
00:25:39.364 [TestNG-tests-3] INFO  testCases.TC001_AccountRegistrationTest - Validation expected message...
00:25:39.419 [TestNG-tests-3] INFO  testCases.TC001_AccountRegistrationTest - ......We are the First test cases......
00:25:40.064 [TestNG-tests-3] INFO  testCases.TC001_AccountRegistrationTest - .......finish TC001_AccountRegistrationTest.....
17:12:08.041 [main] DEBUG org.testng.TestNG - suiteXmlPath: "C:\Users\dheeraj\eclipse-workspace\OpencartV121\master.xml"
17:12:54.554 [main] DEBUG org.testng.TestNG - suiteXmlPath: "C:\Users\dheeraj\eclipse-workspace\OpencartV121\master.xml"
17:12:55.061 [main] INFO  org.testng.internal.Utils - [TestNG] Running:
  C:\Users\dheeraj\eclipse-workspace\OpencartV121\master.xml

17:13:50.986 [main] DEBUG org.testng.TestNG - suiteXmlPath: "C:\Users\dheeraj\eclipse-workspace\OpencartV121\master.xml"
17:13:51.448 [main] INFO  org.testng.internal.Utils - [TestNG] Running:
  C:\Users\dheeraj\eclipse-workspace\OpencartV121\master.xml

17:16:48.970 [main] DEBUG org.testng.TestNG - suiteXmlPath: "C:\Users\dheeraj\eclipse-workspace\OpencartV121\master.xml"
17:16:49.420 [main] INFO  org.testng.internal.Utils - [TestNG] Running:
  C:\Users\dheeraj\eclipse-workspace\OpencartV121\master.xml

17:17:19.789 [main] DEBUG org.testng.TestNG - suiteXmlPath: "C:\Users\dheeraj\eclipse-workspace\OpencartV121\master.xml"
17:17:20.223 [main] INFO  org.testng.internal.Utils - [TestNG] Running:
  C:\Users\dheeraj\eclipse-workspace\OpencartV121\master.xml

17:24:11.134 [main] DEBUG org.testng.TestNG - suiteXmlPath: "C:\Users\dheeraj\eclipse-workspace\OpencartV121\master.xml"
17:24:11.593 [main] INFO  org.testng.internal.Utils - [TestNG] Running:
  C:\Users\dheeraj\eclipse-workspace\OpencartV121\master.xml

17:24:15.204 [main] INFO  testCases.TC002_LoginTest - ****Starting TC002_LoginTest ***
17:24:16.483 [main] INFO  testCases.TC002_LoginTest - *** Finished TC002_LoginTest ***** 
17:28:03.223 [main] DEBUG org.testng.TestNG - suiteXmlPath: "C:\Users\dheeraj\AppData\Local\Temp\testng-eclipse-966434207\testng-customsuite.xml"
17:28:03.595 [main] INFO  org.testng.internal.Utils - [Utils] MethodGroupsHelper.collectMethodsByGroup() took 0 ms.
17:28:03.601 [main] INFO  org.testng.internal.Utils - [Utils] MethodGroupsHelper.sortMethods() took 3 ms.
17:28:03.604 [main] INFO  org.testng.internal.Utils - [Utils] MethodGroupsHelper.collectMethodsByGroup() took 0 ms.
17:28:03.604 [main] INFO  org.testng.internal.Utils - [Utils] MethodGroupsHelper.sortMethods() took 0 ms.
17:28:03.605 [main] INFO  org.testng.internal.Utils - [Utils] MethodGroupsHelper.collectMethodsByGroup() took 0 ms.
17:28:03.605 [main] INFO  org.testng.internal.Utils - [Utils] MethodGroupsHelper.sortMethods() took 0 ms.
17:28:03.606 [main] INFO  org.testng.internal.Utils - [Utils] MethodGroupsHelper.collectMethodsByGroup() took 0 ms.
17:28:03.607 [main] INFO  org.testng.internal.Utils - [Utils] MethodGroupsHelper.sortMethods() took 0 ms.
17:28:03.618 [main] INFO  org.testng.internal.Utils - [Utils] MethodGroupsHelper.collectMethodsByGroup() took 8 ms.
17:28:03.630 [main] INFO  org.testng.internal.Utils - [Utils] MethodGroupsHelper.sortMethods() took 12 ms.
17:28:03.631 [main] INFO  org.testng.internal.Utils - [Utils] MethodGroupsHelper.collectMethodsByGroup() took 0 ms.
17:28:03.643 [main] INFO  org.testng.internal.Utils - [Utils] MethodGroupsHelper.sortMethods() took 0 ms.
17:28:03.644 [main] INFO  org.testng.internal.Utils - [Utils] MethodGroupsHelper.collectMethodsByGroup() took 0 ms.
17:28:03.645 [main] INFO  org.testng.internal.Utils - [Utils] MethodGroupsHelper.sortMethods() took 0 ms.
17:28:03.645 [main] INFO  org.testng.internal.Utils - [Utils] MethodGroupsHelper.collectMethodsByGroup() took 0 ms.
17:28:03.646 [main] INFO  org.testng.internal.Utils - [Utils] MethodGroupsHelper.sortMethods() took 0 ms.
17:28:03.650 [main] INFO  org.testng.internal.Utils - [Utils] MethodGroupsHelper.collectMethodsByGroup() took 0 ms.
17:28:03.650 [main] INFO  org.testng.internal.Utils - [Utils] MethodGroupsHelper.sortMethods() took 0 ms.
17:28:03.651 [main] INFO  org.testng.internal.Utils - [Utils] MethodGroupsHelper.collectMethodsByGroup() took 0 ms.
17:28:03.652 [main] INFO  org.testng.internal.Utils - [Utils] MethodGroupsHelper.sortMethods() took 0 ms.
17:28:03.655 [main] INFO  org.testng.internal.Utils - [Utils] MethodGroupsHelper.collectMethodsByGroup() took 0 ms.
17:28:03.655 [main] INFO  org.testng.internal.Utils - [Utils] MethodGroupsHelper.sortMethods() took 0 ms.
17:28:03.655 [main] INFO  org.testng.internal.Utils - [Utils] MethodGroupsHelper.collectMethodsByGroup() took 0 ms.
17:28:03.656 [main] INFO  org.testng.internal.Utils - [Utils] MethodGroupsHelper.sortMethods() took 0 ms.
17:28:03.658 [main] INFO  org.testng.internal.Utils - [Utils] MethodGroupsHelper.collectMethodsByGroup() took 1 ms.
17:28:03.658 [main] INFO  org.testng.internal.Utils - [Utils] MethodGroupsHelper.sortMethods() took 0 ms.
17:28:03.661 [main] INFO  org.testng.internal.Utils - [Utils] MethodGroupsHelper.collectMethodsByGroup() took 0 ms.
17:28:03.661 [main] INFO  org.testng.internal.Utils - [Utils] MethodGroupsHelper.sortMethods() took 0 ms.
17:28:03.662 [main] INFO  org.testng.internal.Utils - [Utils] MethodGroupsHelper.collectMethodsByGroup() took 0 ms.
17:28:03.662 [main] INFO  org.testng.internal.Utils - [Utils] MethodGroupsHelper.sortMethods() took 0 ms.
17:28:03.675 [main] INFO  org.testng.internal.Utils - [TestNG] Running:
  C:\Users\dheeraj\AppData\Local\Temp\testng-eclipse-966434207\testng-customsuite.xml

17:28:03.715 [main] INFO  org.testng.internal.Utils - [Utils] DynamicGraphHelper.createDynamicGraph() took 8 ms.
17:28:03.996 [main] INFO  org.testng.internal.Utils - [TestNG] Time taken by org.testng.reporters.jq.Main@5a85c92: 96 ms
17:28:04.027 [main] INFO  org.testng.internal.Utils - [TestNG] Time taken by org.testng.reporters.FailedReporter@13f17eb4: 31 ms
17:28:04.044 [main] INFO  org.testng.internal.Utils - [TestNG] Time taken by org.testng.reporters.XMLReporter@55342f40: 17 ms
17:28:04.059 [main] INFO  org.testng.internal.Utils - [TestNG] Time taken by org.testng.reporters.EmailableReporter2@476b0ae6: 14 ms
17:28:04.072 [main] INFO  org.testng.internal.Utils - [TestNG] Time taken by org.testng.reporters.JUnitReportReporter@20a14b55: 12 ms
17:28:04.072 [main] INFO  org.testng.internal.Utils - [TestNG] Time taken by org.testng.internal.ExitCodeListener@39ad977d: 0 ms
17:51:21.411 [main] DEBUG org.testng.TestNG - suiteXmlPath: "C:\Users\dheeraj\eclipse-workspace\OpencartV121\grouping.xml"
17:51:21.655 [main] INFO  org.testng.internal.Utils - [TestNG] Running:
  C:\Users\dheeraj\eclipse-workspace\OpencartV121\grouping.xml

17:51:24.549 [main] INFO  testCases.TC001_AccountRegistrationTest - ****Starting TC001_AccountRegistrationTest ****
17:51:24.636 [main] INFO  testCases.TC001_AccountRegistrationTest - Clicked on MyAccount
17:51:24.999 [main] INFO  testCases.TC001_AccountRegistrationTest - Clicked on MyRegister
17:51:25.001 [main] INFO  testCases.TC001_AccountRegistrationTest - Providing customer details
17:51:25.405 [main] INFO  testCases.TC001_AccountRegistrationTest - Validation expected message...
17:51:26.092 [main] INFO  testCases.TC001_AccountRegistrationTest - ......We are the First test cases......
17:51:26.123 [main] INFO  testCases.TC001_AccountRegistrationTest - .......finish TC001_AccountRegistrationTest.....
17:51:28.436 [main] INFO  testCases.TC002_LoginTest2 - ****Starting TC002_LoginTest ***
17:51:29.556 [main] INFO  testCases.TC002_LoginTest2 - *** Finished TC002_LoginTest ***** 
17:52:31.573 [main] DEBUG org.testng.TestNG - suiteXmlPath: "C:\Users\dheeraj\eclipse-workspace\OpencartV121\grouping.xml"
17:52:31.794 [main] INFO  org.testng.internal.Utils - [TestNG] Running:
  C:\Users\dheeraj\eclipse-workspace\OpencartV121\grouping.xml

17:52:52.634 [main] DEBUG org.testng.TestNG - suiteXmlPath: "C:\Users\dheeraj\eclipse-workspace\OpencartV121\grouping.xml"
17:52:52.858 [main] INFO  org.testng.internal.Utils - [TestNG] Running:
  C:\Users\dheeraj\eclipse-workspace\OpencartV121\grouping.xml

17:54:27.475 [main] DEBUG org.testng.TestNG - suiteXmlPath: "C:\Users\dheeraj\eclipse-workspace\OpencartV121\grouping.xml"
17:54:27.696 [main] INFO  org.testng.internal.Utils - [TestNG] Running:
  C:\Users\dheeraj\eclipse-workspace\OpencartV121\grouping.xml

17:54:30.252 [main] INFO  testCases.TC002_LoginTest2 - ****Starting TC002_LoginTest ***
17:54:31.384 [main] INFO  testCases.TC002_LoginTest2 - *** Finished TC002_LoginTest ***** 
17:55:22.270 [main] DEBUG org.testng.TestNG - suiteXmlPath: "C:\Users\dheeraj\eclipse-workspace\OpencartV121\grouping.xml"
17:55:22.489 [main] INFO  org.testng.internal.Utils - [TestNG] Running:
  C:\Users\dheeraj\eclipse-workspace\OpencartV121\grouping.xml

17:55:25.275 [main] INFO  testCases.TC002_LoginTest2 - ****Starting TC002_LoginTest ***
17:55:26.358 [main] INFO  testCases.TC002_LoginTest2 - *** Finished TC002_LoginTest ***** 
17:12:29.330 [main] DEBUG org.testng.TestNG - suiteXmlPath: "C:\Users\dheeraj\eclipse-workspace\OpencartV121\master.xml"
17:12:29.856 [main] INFO  org.testng.internal.Utils - [TestNG] Running:
  C:\Users\dheeraj\eclipse-workspace\OpencartV121\master.xml

17:12:35.070 [main] INFO  testCases.TC002_LoginTest - ****Starting TC002_LoginTest ***
17:12:36.262 [main] INFO  testCases.TC002_LoginTest - *** Finished TC002_LoginTest ***** 
17:14:41.880 [main] DEBUG org.testng.TestNG - suiteXmlPath: "C:\Users\dheeraj\eclipse-workspace\OpencartV121\master.xml"
17:14:42.316 [main] INFO  org.testng.internal.Utils - [TestNG] Running:
  C:\Users\dheeraj\eclipse-workspace\OpencartV121\master.xml

17:15:15.169 [main] DEBUG org.testng.TestNG - suiteXmlPath: "C:\Users\dheeraj\eclipse-workspace\OpencartV121\master.xml"
17:15:15.619 [main] INFO  org.testng.internal.Utils - [TestNG] Running:
  C:\Users\dheeraj\eclipse-workspace\OpencartV121\master.xml

17:15:18.814 [main] INFO  testCases.TC002_LoginTest - ****Starting TC002_LoginTest ***
17:15:20.147 [main] INFO  testCases.TC002_LoginTest - *** Finished TC002_LoginTest ***** 
17:16:31.813 [main] DEBUG org.testng.TestNG - suiteXmlPath: "C:\Users\dheeraj\AppData\Local\Temp\testng-eclipse--1842829858\testng-customsuite.xml"
17:16:32.175 [main] INFO  org.testng.internal.Utils - [Utils] MethodGroupsHelper.collectMethodsByGroup() took 1 ms.
17:16:32.180 [main] INFO  org.testng.internal.Utils - [Utils] MethodGroupsHelper.sortMethods() took 3 ms.
17:16:32.183 [main] INFO  org.testng.internal.Utils - [Utils] MethodGroupsHelper.collectMethodsByGroup() took 0 ms.
17:16:32.183 [main] INFO  org.testng.internal.Utils - [Utils] MethodGroupsHelper.sortMethods() took 0 ms.
17:16:32.184 [main] INFO  org.testng.internal.Utils - [Utils] MethodGroupsHelper.collectMethodsByGroup() took 0 ms.
17:16:32.184 [main] INFO  org.testng.internal.Utils - [Utils] MethodGroupsHelper.sortMethods() took 0 ms.
17:16:32.185 [main] INFO  org.testng.internal.Utils - [Utils] MethodGroupsHelper.collectMethodsByGroup() took 0 ms.
17:16:32.185 [main] INFO  org.testng.internal.Utils - [Utils] MethodGroupsHelper.sortMethods() took 0 ms.
17:16:32.197 [main] INFO  org.testng.internal.Utils - [Utils] MethodGroupsHelper.collectMethodsByGroup() took 8 ms.
17:16:32.211 [main] INFO  org.testng.internal.Utils - [Utils] MethodGroupsHelper.sortMethods() took 14 ms.
17:16:32.214 [main] INFO  org.testng.internal.Utils - [Utils] MethodGroupsHelper.collectMethodsByGroup() took 1 ms.
17:16:32.214 [main] INFO  org.testng.internal.Utils - [Utils] MethodGroupsHelper.sortMethods() took 0 ms.
17:16:32.216 [main] INFO  org.testng.internal.Utils - [Utils] MethodGroupsHelper.collectMethodsByGroup() took 0 ms.
17:16:32.216 [main] INFO  org.testng.internal.Utils - [Utils] MethodGroupsHelper.sortMethods() took 0 ms.
17:16:32.217 [main] INFO  org.testng.internal.Utils - [Utils] MethodGroupsHelper.collectMethodsByGroup() took 0 ms.
17:16:32.218 [main] INFO  org.testng.internal.Utils - [Utils] MethodGroupsHelper.sortMethods() took 0 ms.
17:16:32.221 [main] INFO  org.testng.internal.Utils - [Utils] MethodGroupsHelper.collectMethodsByGroup() took 0 ms.
17:16:32.221 [main] INFO  org.testng.internal.Utils - [Utils] MethodGroupsHelper.sortMethods() took 0 ms.
17:16:32.222 [main] INFO  org.testng.internal.Utils - [Utils] MethodGroupsHelper.collectMethodsByGroup() took 0 ms.
17:16:32.222 [main] INFO  org.testng.internal.Utils - [Utils] MethodGroupsHelper.sortMethods() took 0 ms.
17:16:32.226 [main] INFO  org.testng.internal.Utils - [Utils] MethodGroupsHelper.collectMethodsByGroup() took 0 ms.
17:16:32.226 [main] INFO  org.testng.internal.Utils - [Utils] MethodGroupsHelper.sortMethods() took 0 ms.
17:16:32.226 [main] INFO  org.testng.internal.Utils - [Utils] MethodGroupsHelper.collectMethodsByGroup() took 0 ms.
17:16:32.227 [main] INFO  org.testng.internal.Utils - [Utils] MethodGroupsHelper.sortMethods() took 0 ms.
17:16:32.228 [main] INFO  org.testng.internal.Utils - [Utils] MethodGroupsHelper.collectMethodsByGroup() took 0 ms.
17:16:32.229 [main] INFO  org.testng.internal.Utils - [Utils] MethodGroupsHelper.sortMethods() took 0 ms.
17:16:32.231 [main] INFO  org.testng.internal.Utils - [Utils] MethodGroupsHelper.collectMethodsByGroup() took 0 ms.
17:16:32.232 [main] INFO  org.testng.internal.Utils - [Utils] MethodGroupsHelper.sortMethods() took 0 ms.
17:16:32.232 [main] INFO  org.testng.internal.Utils - [Utils] MethodGroupsHelper.collectMethodsByGroup() took 0 ms.
17:16:32.232 [main] INFO  org.testng.internal.Utils - [Utils] MethodGroupsHelper.sortMethods() took 0 ms.
17:16:32.251 [main] INFO  org.testng.internal.Utils - [TestNG] Running:
  C:\Users\dheeraj\AppData\Local\Temp\testng-eclipse--1842829858\testng-customsuite.xml

17:16:32.281 [main] INFO  org.testng.internal.Utils - [Utils] DynamicGraphHelper.createDynamicGraph() took 6 ms.
17:16:32.557 [main] INFO  org.testng.internal.Utils - [TestNG] Time taken by org.testng.reporters.jq.Main@53dacd14: 97 ms
17:16:32.590 [main] INFO  org.testng.internal.Utils - [TestNG] Time taken by org.testng.reporters.FailedReporter@4409e975: 33 ms
17:16:32.608 [main] INFO  org.testng.internal.Utils - [TestNG] Time taken by org.testng.reporters.XMLReporter@31aa3ca5: 18 ms
17:16:32.622 [main] INFO  org.testng.internal.Utils - [TestNG] Time taken by org.testng.reporters.EmailableReporter2@549949be: 14 ms
17:16:32.633 [main] INFO  org.testng.internal.Utils - [TestNG] Time taken by org.testng.reporters.JUnitReportReporter@a202ccb: 10 ms
17:16:32.633 [main] INFO  org.testng.internal.Utils - [TestNG] Time taken by org.testng.internal.ExitCodeListener@20f12539: 0 ms
17:16:45.689 [main] DEBUG org.testng.TestNG - suiteXmlPath: "C:\Users\dheeraj\eclipse-workspace\OpencartV121\master.xml"
17:16:46.156 [main] INFO  org.testng.internal.Utils - [TestNG] Running:
  C:\Users\dheeraj\eclipse-workspace\OpencartV121\master.xml

17:16:49.336 [main] INFO  testCases.TC002_LoginTest - ****Starting TC002_LoginTest ***
17:16:50.577 [main] INFO  testCases.TC002_LoginTest - *** Finished TC002_LoginTest ***** 
17:17:50.026 [main] DEBUG org.testng.TestNG - suiteXmlPath: "C:\Users\dheeraj\eclipse-workspace\OpencartV121\master.xml"
17:17:50.461 [main] INFO  org.testng.internal.Utils - [TestNG] Running:
  C:\Users\dheeraj\eclipse-workspace\OpencartV121\master.xml

17:17:55.381 [main] INFO  testCases.TC002_LoginTest - ****Starting TC002_LoginTest ***
17:17:57.051 [main] INFO  testCases.TC002_LoginTest - *** Finished TC002_LoginTest ***** 
17:19:04.944 [main] DEBUG org.testng.TestNG - suiteXmlPath: "C:\Users\dheeraj\eclipse-workspace\OpencartV121\master.xml"
17:19:05.402 [main] INFO  org.testng.internal.Utils - [TestNG] Running:
  C:\Users\dheeraj\eclipse-workspace\OpencartV121\master.xml

17:19:08.596 [main] INFO  testCases.TC002_LoginTest2 - ****Starting TC002_LoginTest ***
17:22:41.187 [main] DEBUG org.testng.TestNG - suiteXmlPath: "C:\Users\dheeraj\eclipse-workspace\OpencartV121\master.xml"
17:22:41.615 [main] INFO  org.testng.internal.Utils - [TestNG] Running:
  C:\Users\dheeraj\eclipse-workspace\OpencartV121\master.xml

17:22:45.231 [main] INFO  testCases.TC002_LoginTest2 - ****Starting TC002_LoginTest ***
17:27:54.643 [main] DEBUG org.testng.TestNG - suiteXmlPath: "C:\Users\dheeraj\eclipse-workspace\OpencartV121\master.xml"
17:27:55.082 [main] INFO  org.testng.internal.Utils - [TestNG] Running:
  C:\Users\dheeraj\eclipse-workspace\OpencartV121\master.xml

17:27:58.383 [main] INFO  testCases.TC002_LoginTest2 - ****Starting TC002_LoginTest ***
17:30:17.337 [main] DEBUG org.testng.TestNG - suiteXmlPath: "C:\Users\dheeraj\eclipse-workspace\OpencartV121\master.xml"
17:30:17.581 [main] INFO  org.testng.internal.Utils - [TestNG] Running:
  C:\Users\dheeraj\eclipse-workspace\OpencartV121\master.xml

17:30:20.794 [main] INFO  testCases.TC002_LoginTest2 - ****Starting TC002_LoginTest ***
18:21:30.264 [main] DEBUG org.testng.TestNG - suiteXmlPath: "C:\Users\dheeraj\eclipse-workspace\OpencartV121\master.xml"
18:21:30.501 [main] INFO  org.testng.internal.Utils - [TestNG] Running:
  C:\Users\dheeraj\eclipse-workspace\OpencartV121\master.xml

18:22:26.161 [main] DEBUG org.testng.TestNG - suiteXmlPath: "C:\Users\dheeraj\eclipse-workspace\OpencartV121\master.xml"
18:22:26.384 [main] INFO  org.testng.internal.Utils - [TestNG] Running:
  C:\Users\dheeraj\eclipse-workspace\OpencartV121\master.xml

18:24:58.292 [main] DEBUG org.testng.TestNG - suiteXmlPath: "C:\Users\dheeraj\eclipse-workspace\OpencartV121\master.xml"
18:24:58.509 [main] INFO  org.testng.internal.Utils - [TestNG] Running:
  C:\Users\dheeraj\eclipse-workspace\OpencartV121\master.xml

18:25:01.599 [main] INFO  testCases.TC002_LoginTest2 - ****Starting TC002_LoginTest ***
18:25:02.905 [main] INFO  testCases.TC002_LoginTest2 - *** Finished TC002_LoginTest ***** 
18:34:36.357 [main] DEBUG org.testng.TestNG - suiteXmlPath: "C:\Users\dheeraj\eclipse-workspace\OpencartV121\master.xml"
18:34:36.574 [main] INFO  org.testng.internal.Utils - [TestNG] Running:
  C:\Users\dheeraj\eclipse-workspace\OpencartV121\master.xml

18:34:36.788 [main] INFO  testCases.TC002_LoginTest2 - ****Starting TC002_LoginTest ***
18:35:18.353 [main] DEBUG org.testng.TestNG - suiteXmlPath: "C:\Users\dheeraj\eclipse-workspace\OpencartV121\master.xml"
18:35:18.570 [main] INFO  org.testng.internal.Utils - [TestNG] Running:
  C:\Users\dheeraj\eclipse-workspace\OpencartV121\master.xml

18:35:18.812 [main] INFO  testCases.TC002_LoginTest2 - ****Starting TC002_LoginTest ***
18:36:10.766 [main] DEBUG org.testng.TestNG - suiteXmlPath: "C:\Users\dheeraj\eclipse-workspace\OpencartV121\master.xml"
18:36:10.990 [main] INFO  org.testng.internal.Utils - [TestNG] Running:
  C:\Users\dheeraj\eclipse-workspace\OpencartV121\master.xml

18:36:11.218 [main] INFO  testCases.TC002_LoginTest2 - ****Starting TC002_LoginTest ***
18:47:10.054 [main] DEBUG org.testng.TestNG - suiteXmlPath: "C:\Users\dheeraj\eclipse-workspace\OpencartV121\master.xml"
18:47:10.274 [main] INFO  org.testng.internal.Utils - [TestNG] Running:
  C:\Users\dheeraj\eclipse-workspace\OpencartV121\master.xml

18:47:10.499 [main] INFO  testCases.TC002_LoginTest2 - ****Starting TC002_LoginTest ***
18:48:06.992 [main] DEBUG org.testng.TestNG - suiteXmlPath: "C:\Users\dheeraj\eclipse-workspace\OpencartV121\master.xml"
18:48:07.213 [main] INFO  org.testng.internal.Utils - [TestNG] Running:
  C:\Users\dheeraj\eclipse-workspace\OpencartV121\master.xml

18:48:07.436 [main] INFO  testCases.TC002_LoginTest2 - ****Starting TC002_LoginTest ***
18:49:10.588 [main] DEBUG org.testng.TestNG - suiteXmlPath: "C:\Users\dheeraj\eclipse-workspace\OpencartV121\master.xml"
18:49:10.808 [main] INFO  org.testng.internal.Utils - [TestNG] Running:
  C:\Users\dheeraj\eclipse-workspace\OpencartV121\master.xml

18:49:13.477 [main] INFO  testCases.TC002_LoginTest2 - ****Starting TC002_LoginTest ***
18:49:14.773 [main] INFO  testCases.TC002_LoginTest2 - *** Finished TC002_LoginTest ***** 
18:52:13.091 [main] DEBUG org.testng.TestNG - suiteXmlPath: "C:\Users\dheeraj\eclipse-workspace\OpencartV121\master.xml"
18:52:13.312 [main] INFO  org.testng.internal.Utils - [TestNG] Running:
  C:\Users\dheeraj\eclipse-workspace\OpencartV121\master.xml

18:52:17.878 [main] INFO  testCases.TC002_LoginTest2 - ****Starting TC002_LoginTest ***
18:52:19.710 [main] INFO  testCases.TC002_LoginTest2 - *** Finished TC002_LoginTest ***** 
18:54:12.136 [main] DEBUG org.testng.TestNG - suiteXmlPath: "C:\Users\dheeraj\eclipse-workspace\OpencartV121\master.xml"
18:54:12.366 [main] INFO  org.testng.internal.Utils - [TestNG] Running:
  C:\Users\dheeraj\eclipse-workspace\OpencartV121\master.xml

18:54:15.232 [main] INFO  testCases.TC002_LoginTest2 - ****Starting TC002_LoginTest ***
18:54:21.835 [main] INFO  testCases.TC002_LoginTest2 - *** Finished TC002_LoginTest ***** 
18:55:00.281 [main] DEBUG org.testng.TestNG - suiteXmlPath: "C:\Users\dheeraj\eclipse-workspace\OpencartV121\master.xml"
18:55:00.512 [main] INFO  org.testng.internal.Utils - [TestNG] Running:
  C:\Users\dheeraj\eclipse-workspace\OpencartV121\master.xml

18:55:00.729 [main] INFO  testCases.TC002_LoginTest2 - ****Starting TC002_LoginTest ***
18:57:11.570 [main] DEBUG org.testng.TestNG - suiteXmlPath: "C:\Users\dheeraj\eclipse-workspace\OpencartV121\master.xml"
18:57:11.798 [main] INFO  org.testng.internal.Utils - [TestNG] Running:
  C:\Users\dheeraj\eclipse-workspace\OpencartV121\master.xml

18:57:12.035 [main] INFO  testCases.TC002_LoginTest2 - ****Starting TC002_LoginTest ***
19:00:51.489 [main] DEBUG org.testng.TestNG - suiteXmlPath: "C:\Users\dheeraj\eclipse-workspace\OpencartV121\master.xml"
19:00:51.711 [main] INFO  org.testng.internal.Utils - [TestNG] Running:
  C:\Users\dheeraj\eclipse-workspace\OpencartV121\master.xml

19:00:51.944 [main] INFO  testCases.TC002_LoginTest2 - ****Starting TC002_LoginTest ***
19:05:52.821 [main] DEBUG org.testng.TestNG - suiteXmlPath: "C:\Users\dheeraj\eclipse-workspace\OpencartV121\master.xml"
19:05:53.044 [main] INFO  org.testng.internal.Utils - [TestNG] Running:
  C:\Users\dheeraj\eclipse-workspace\OpencartV121\master.xml

19:05:56.302 [main] INFO  testCases.TC002_LoginTest2 - ****Starting TC002_LoginTest ***
19:06:03.821 [main] INFO  testCases.TC002_LoginTest2 - *** Finished TC002_LoginTest ***** 
19:06:35.869 [main] DEBUG org.testng.TestNG - suiteXmlPath: "C:\Users\dheeraj\eclipse-workspace\OpencartV121\master.xml"
19:06:36.107 [main] INFO  org.testng.internal.Utils - [TestNG] Running:
  C:\Users\dheeraj\eclipse-workspace\OpencartV121\master.xml

19:06:38.873 [main] INFO  testCases.TC002_LoginTest2 - ****Starting TC002_LoginTest ***
19:06:45.683 [main] INFO  testCases.TC002_LoginTest2 - *** Finished TC002_LoginTest ***** 
19:07:43.924 [main] DEBUG org.testng.TestNG - suiteXmlPath: "C:\Users\dheeraj\eclipse-workspace\OpencartV121\master.xml"
19:07:44.142 [main] INFO  org.testng.internal.Utils - [TestNG] Running:
  C:\Users\dheeraj\eclipse-workspace\OpencartV121\master.xml

19:07:44.357 [main] INFO  testCases.TC002_LoginTest2 - ****Starting TC002_LoginTest ***
19:11:07.491 [main] DEBUG org.testng.TestNG - suiteXmlPath: "C:\Users\dheeraj\eclipse-workspace\OpencartV121\master.xml"
19:11:07.854 [main] INFO  org.testng.internal.Utils - [TestNG] Running:
  C:\Users\dheeraj\eclipse-workspace\OpencartV121\master.xml

19:11:11.546 [main] INFO  testCases.TC002_LoginTest2 - ****Starting TC002_LoginTest ***
19:11:20.313 [main] INFO  testCases.TC002_LoginTest2 - *** Finished TC002_LoginTest ***** 
19:11:39.342 [main] DEBUG org.testng.TestNG - suiteXmlPath: "C:\Users\dheeraj\eclipse-workspace\OpencartV121\master.xml"
19:11:39.678 [main] INFO  org.testng.internal.Utils - [TestNG] Running:
  C:\Users\dheeraj\eclipse-workspace\OpencartV121\master.xml

19:11:42.709 [main] INFO  testCases.TC002_LoginTest2 - ****Starting TC002_LoginTest ***
19:11:49.419 [main] INFO  testCases.TC002_LoginTest2 - *** Finished TC002_LoginTest ***** 
19:25:40.059 [main] DEBUG org.testng.TestNG - suiteXmlPath: "C:\Users\dheeraj\eclipse-workspace\OpencartV121\Master.xml"
19:25:44.581 [main] INFO  testCases.TC002_LoginTest2 - ****Starting TC002_LoginTest ***
19:25:52.716 [main] INFO  testCases.TC002_LoginTest2 - *** Finished TC002_LoginTest ***** 
19:26:36.272 [main] DEBUG org.testng.TestNG - suiteXmlPath: "C:\Users\dheeraj\eclipse-workspace\OpencartV121\Master.xml"
19:26:40.413 [main] INFO  testCases.TC002_LoginTest2 - ****Starting TC002_LoginTest ***
19:26:47.582 [main] INFO  testCases.TC002_LoginTest2 - *** Finished TC002_LoginTest ***** 
13:30:05.372 [main] DEBUG org.testng.TestNG - suiteXmlPath: "C:\Users\dheeraj\eclipse-workspace\OpencartV121\Master.xml"
13:43:39.370 [main] DEBUG org.testng.TestNG - suiteXmlPath: "C:\Users\dheeraj\eclipse-workspace\OpencartV121\Master.xml"
13:44:23.018 [main] DEBUG org.testng.TestNG - suiteXmlPath: "C:\Users\dheeraj\eclipse-workspace\OpencartV121\Master.xml"
13:48:41.933 [main] DEBUG org.testng.TestNG - suiteXmlPath: "C:\Users\dheeraj\eclipse-workspace\OpencartV121\Master.xml"
13:50:11.041 [main] DEBUG org.testng.TestNG - suiteXmlPath: "C:\Users\dheeraj\eclipse-workspace\OpencartV121\Master.xml"
13:50:19.589 [main] INFO  testCases.TC002_LoginTest2 - ****Starting TC002_LoginTest ***
13:51:03.591 [main] DEBUG org.testng.TestNG - suiteXmlPath: "C:\Users\dheeraj\eclipse-workspace\OpencartV121\Master.xml"
13:51:07.470 [main] INFO  testCases.TC002_LoginTest2 - ****Starting TC002_LoginTest ***
13:51:14.290 [main] INFO  testCases.TC002_LoginTest2 - *** Finished TC002_LoginTest ***** 
14:12:36.875 [main] DEBUG org.testng.TestNG - suiteXmlPath: "C:\Users\dheeraj\eclipse-workspace\OpencartV121\Master.xml"
14:12:43.896 [main] INFO  testCases.TC002_LoginTest2 - ****Starting TC002_LoginTest ***
14:12:50.706 [main] INFO  testCases.TC002_LoginTest2 - *** Finished TC002_LoginTest ***** 
14:14:54.377 [main] DEBUG org.testng.TestNG - suiteXmlPath: "C:\Users\dheeraj\eclipse-workspace\OpencartV121\Master.xml"
14:15:10.617 [main] DEBUG org.testng.TestNG - suiteXmlPath: "C:\Users\dheeraj\eclipse-workspace\OpencartV121\Master.xml"
14:15:14.524 [main] INFO  testCases.TC002_LoginTest2 - ****Starting TC002_LoginTest ***
14:15:21.372 [main] INFO  testCases.TC002_LoginTest2 - *** Finished TC002_LoginTest ***** 
14:15:58.416 [main] DEBUG org.testng.TestNG - suiteXmlPath: "C:\Users\dheeraj\eclipse-workspace\OpencartV121\Master.xml"
14:16:02.208 [main] INFO  testCases.TC002_LoginTest2 - ****Starting TC002_LoginTest ***
14:16:08.956 [main] INFO  testCases.TC002_LoginTest2 - *** Finished TC002_LoginTest ***** 
