14:46:38.420 [main] DEBUG org.testng.TestNG - suiteXmlPath: "C:\Users\dheeraj\AppData\Local\Temp\testng-eclipse--1826611546\testng-customsuite.xml"
14:46:38.757 [main] INFO  org.testng.internal.Utils - [Utils] MethodGroupsHelper.collectMethodsByGroup() took 0 ms.
14:46:38.762 [main] INFO  org.testng.internal.Utils - [Utils] MethodGroupsHelper.sortMethods() took 2 ms.
14:46:38.764 [main] INFO  org.testng.internal.Utils - [Utils] MethodGroupsHelper.collectMethodsByGroup() took 0 ms.
14:46:38.764 [main] INFO  org.testng.internal.Utils - [Utils] MethodGroupsHelper.sortMethods() took 0 ms.
14:46:38.765 [main] INFO  org.testng.internal.Utils - [Utils] MethodGroupsHelper.collectMethodsByGroup() took 0 ms.
14:46:38.765 [main] INFO  org.testng.internal.Utils - [Utils] MethodGroupsHelper.sortMethods() took 0 ms.
14:46:38.766 [main] INFO  org.testng.internal.Utils - [Utils] MethodGroupsHelper.collectMethodsByGroup() took 0 ms.
14:46:38.766 [main] INFO  org.testng.internal.Utils - [Utils] MethodGroupsHelper.sortMethods() took 0 ms.
14:46:38.767 [main] INFO  org.testng.internal.Utils - [Utils] MethodGroupsHelper.collectMethodsByGroup() took 0 ms.
14:46:38.767 [main] INFO  org.testng.internal.Utils - [Utils] MethodGroupsHelper.sortMethods() took 0 ms.
14:46:38.767 [main] INFO  org.testng.internal.Utils - [Utils] MethodGroupsHelper.collectMethodsByGroup() took 0 ms.
14:46:38.768 [main] INFO  org.testng.internal.Utils - [Utils] MethodGroupsHelper.sortMethods() took 0 ms.
14:46:38.768 [main] INFO  org.testng.internal.Utils - [Utils] MethodGroupsHelper.collectMethodsByGroup() took 0 ms.
14:46:38.768 [main] INFO  org.testng.internal.Utils - [Utils] MethodGroupsHelper.sortMethods() took 0 ms.
14:46:38.768 [main] INFO  org.testng.internal.Utils - [Utils] MethodGroupsHelper.collectMethodsByGroup() took 0 ms.
14:46:38.769 [main] INFO  org.testng.internal.Utils - [Utils] MethodGroupsHelper.sortMethods() took 0 ms.
14:46:38.773 [main] INFO  org.testng.internal.Utils - [Utils] MethodGroupsHelper.collectMethodsByGroup() took 0 ms.
14:46:38.773 [main] INFO  org.testng.internal.Utils - [Utils] MethodGroupsHelper.sortMethods() took 0 ms.
14:46:38.773 [main] INFO  org.testng.internal.Utils - [Utils] MethodGroupsHelper.collectMethodsByGroup() took 0 ms.
14:46:38.774 [main] INFO  org.testng.internal.Utils - [Utils] MethodGroupsHelper.sortMethods() took 0 ms.
14:46:38.777 [main] INFO  org.testng.internal.Utils - [Utils] MethodGroupsHelper.collectMethodsByGroup() took 0 ms.
14:46:38.777 [main] INFO  org.testng.internal.Utils - [Utils] MethodGroupsHelper.sortMethods() took 0 ms.
14:46:38.777 [main] INFO  org.testng.internal.Utils - [Utils] MethodGroupsHelper.collectMethodsByGroup() took 0 ms.
14:46:38.777 [main] INFO  org.testng.internal.Utils - [Utils] MethodGroupsHelper.sortMethods() took 0 ms.
14:46:38.785 [main] INFO  org.testng.internal.Utils - [Utils] MethodGroupsHelper.collectMethodsByGroup() took 7 ms.
14:46:38.793 [main] INFO  org.testng.internal.Utils - [Utils] MethodGroupsHelper.sortMethods() took 7 ms.
14:46:38.797 [main] INFO  org.testng.internal.Utils - [Utils] MethodGroupsHelper.collectMethodsByGroup() took 0 ms.
14:46:38.797 [main] INFO  org.testng.internal.Utils - [Utils] MethodGroupsHelper.sortMethods() took 0 ms.
14:46:38.797 [main] INFO  org.testng.internal.Utils - [Utils] MethodGroupsHelper.collectMethodsByGroup() took 0 ms.
14:46:38.797 [main] INFO  org.testng.internal.Utils - [Utils] MethodGroupsHelper.sortMethods() took 0 ms.
14:46:38.810 [main] INFO  org.testng.internal.Utils - [TestNG] Running:
  C:\Users\dheeraj\AppData\Local\Temp\testng-eclipse--1826611546\testng-customsuite.xml

14:46:38.840 [main] INFO  org.testng.internal.Utils - [Utils] DynamicGraphHelper.createDynamicGraph() took 6 ms.
14:46:39.097 [main] INFO  org.testng.internal.Utils - [TestNG] Time taken by org.testng.reporters.jq.Main@25b2cfcb: 82 ms
14:46:39.117 [main] INFO  org.testng.internal.Utils - [TestNG] Time taken by org.testng.reporters.FailedReporter@65b3a85a: 20 ms
14:46:39.128 [main] INFO  org.testng.internal.Utils - [TestNG] Time taken by org.testng.reporters.XMLReporter@45efc20d: 11 ms
14:46:39.142 [main] INFO  org.testng.internal.Utils - [TestNG] Time taken by org.testng.reporters.EmailableReporter2@129b4fe2: 13 ms
14:46:39.152 [main] INFO  org.testng.internal.Utils - [TestNG] Time taken by org.testng.reporters.JUnitReportReporter@5f031ebd: 9 ms
14:46:39.153 [main] INFO  org.testng.internal.Utils - [TestNG] Time taken by org.testng.internal.ExitCodeListener@4ee37ca3: 1 ms
14:48:37.366 [main] DEBUG org.testng.TestNG - suiteXmlPath: "C:\Users\dheeraj\AppData\Local\Temp\testng-eclipse--171037029\testng-customsuite.xml"
14:48:37.675 [main] INFO  org.testng.internal.Utils - [Utils] MethodGroupsHelper.collectMethodsByGroup() took 0 ms.
14:48:37.679 [main] INFO  org.testng.internal.Utils - [Utils] MethodGroupsHelper.sortMethods() took 1 ms.
14:48:37.682 [main] INFO  org.testng.internal.Utils - [Utils] MethodGroupsHelper.collectMethodsByGroup() took 0 ms.
14:48:37.682 [main] INFO  org.testng.internal.Utils - [Utils] MethodGroupsHelper.sortMethods() took 0 ms.
14:48:37.682 [main] INFO  org.testng.internal.Utils - [Utils] MethodGroupsHelper.collectMethodsByGroup() took 0 ms.
14:48:37.683 [main] INFO  org.testng.internal.Utils - [Utils] MethodGroupsHelper.sortMethods() took 0 ms.
14:48:37.683 [main] INFO  org.testng.internal.Utils - [Utils] MethodGroupsHelper.collectMethodsByGroup() took 0 ms.
14:48:37.683 [main] INFO  org.testng.internal.Utils - [Utils] MethodGroupsHelper.sortMethods() took 0 ms.
14:48:37.683 [main] INFO  org.testng.internal.Utils - [Utils] MethodGroupsHelper.collectMethodsByGroup() took 0 ms.
14:48:37.684 [main] INFO  org.testng.internal.Utils - [Utils] MethodGroupsHelper.sortMethods() took 0 ms.
14:48:37.684 [main] INFO  org.testng.internal.Utils - [Utils] MethodGroupsHelper.collectMethodsByGroup() took 0 ms.
14:48:37.684 [main] INFO  org.testng.internal.Utils - [Utils] MethodGroupsHelper.sortMethods() took 0 ms.
14:48:37.685 [main] INFO  org.testng.internal.Utils - [Utils] MethodGroupsHelper.collectMethodsByGroup() took 0 ms.
14:48:37.685 [main] INFO  org.testng.internal.Utils - [Utils] MethodGroupsHelper.sortMethods() took 0 ms.
14:48:37.685 [main] INFO  org.testng.internal.Utils - [Utils] MethodGroupsHelper.collectMethodsByGroup() took 0 ms.
14:48:37.685 [main] INFO  org.testng.internal.Utils - [Utils] MethodGroupsHelper.sortMethods() took 0 ms.
14:48:37.689 [main] INFO  org.testng.internal.Utils - [Utils] MethodGroupsHelper.collectMethodsByGroup() took 0 ms.
14:48:37.689 [main] INFO  org.testng.internal.Utils - [Utils] MethodGroupsHelper.sortMethods() took 0 ms.
14:48:37.689 [main] INFO  org.testng.internal.Utils - [Utils] MethodGroupsHelper.collectMethodsByGroup() took 0 ms.
14:48:37.689 [main] INFO  org.testng.internal.Utils - [Utils] MethodGroupsHelper.sortMethods() took 0 ms.
14:48:37.693 [main] INFO  org.testng.internal.Utils - [Utils] MethodGroupsHelper.collectMethodsByGroup() took 0 ms.
14:48:37.693 [main] INFO  org.testng.internal.Utils - [Utils] MethodGroupsHelper.sortMethods() took 0 ms.
14:48:37.693 [main] INFO  org.testng.internal.Utils - [Utils] MethodGroupsHelper.collectMethodsByGroup() took 0 ms.
14:48:37.693 [main] INFO  org.testng.internal.Utils - [Utils] MethodGroupsHelper.sortMethods() took 0 ms.
14:48:37.701 [main] INFO  org.testng.internal.Utils - [Utils] MethodGroupsHelper.collectMethodsByGroup() took 7 ms.
14:48:37.708 [main] INFO  org.testng.internal.Utils - [Utils] MethodGroupsHelper.sortMethods() took 6 ms.
14:48:37.709 [main] INFO  org.testng.internal.Utils - [Utils] MethodGroupsHelper.collectMethodsByGroup() took 0 ms.
14:48:37.710 [main] INFO  org.testng.internal.Utils - [Utils] MethodGroupsHelper.sortMethods() took 0 ms.
14:48:37.710 [main] INFO  org.testng.internal.Utils - [Utils] MethodGroupsHelper.collectMethodsByGroup() took 0 ms.
14:48:37.710 [main] INFO  org.testng.internal.Utils - [Utils] MethodGroupsHelper.sortMethods() took 0 ms.
14:48:37.720 [main] INFO  org.testng.internal.Utils - [TestNG] Running:
  C:\Users\dheeraj\AppData\Local\Temp\testng-eclipse--171037029\testng-customsuite.xml

14:48:37.753 [main] INFO  org.testng.internal.Utils - [Utils] DynamicGraphHelper.createDynamicGraph() took 7 ms.
14:48:37.987 [main] INFO  org.testng.internal.Utils - [TestNG] Time taken by org.testng.reporters.jq.Main@25b2cfcb: 79 ms
14:48:38.005 [main] INFO  org.testng.internal.Utils - [TestNG] Time taken by org.testng.reporters.FailedReporter@65b3a85a: 18 ms
14:48:38.018 [main] INFO  org.testng.internal.Utils - [TestNG] Time taken by org.testng.reporters.XMLReporter@45efc20d: 12 ms
14:48:38.028 [main] INFO  org.testng.internal.Utils - [TestNG] Time taken by org.testng.reporters.EmailableReporter2@129b4fe2: 10 ms
14:48:38.039 [main] INFO  org.testng.internal.Utils - [TestNG] Time taken by org.testng.reporters.JUnitReportReporter@5f031ebd: 10 ms
14:48:38.039 [main] INFO  org.testng.internal.Utils - [TestNG] Time taken by org.testng.internal.ExitCodeListener@4ee37ca3: 0 ms
15:50:00.563 [main] DEBUG org.testng.TestNG - suiteXmlPath: "C:\Users\dheeraj\AppData\Local\Temp\testng-eclipse--540589206\testng-customsuite.xml"
15:50:00.868 [main] INFO  org.testng.internal.Utils - [Utils] MethodGroupsHelper.collectMethodsByGroup() took 2 ms.
15:50:00.872 [main] INFO  org.testng.internal.Utils - [Utils] MethodGroupsHelper.sortMethods() took 2 ms.
15:50:00.875 [main] INFO  org.testng.internal.Utils - [Utils] MethodGroupsHelper.collectMethodsByGroup() took 0 ms.
15:50:00.875 [main] INFO  org.testng.internal.Utils - [Utils] MethodGroupsHelper.sortMethods() took 0 ms.
15:50:00.876 [main] INFO  org.testng.internal.Utils - [Utils] MethodGroupsHelper.collectMethodsByGroup() took 0 ms.
15:50:00.876 [main] INFO  org.testng.internal.Utils - [Utils] MethodGroupsHelper.sortMethods() took 0 ms.
15:50:00.877 [main] INFO  org.testng.internal.Utils - [Utils] MethodGroupsHelper.collectMethodsByGroup() took 0 ms.
15:50:00.878 [main] INFO  org.testng.internal.Utils - [Utils] MethodGroupsHelper.sortMethods() took 0 ms.
15:50:00.889 [main] INFO  org.testng.internal.Utils - [Utils] MethodGroupsHelper.collectMethodsByGroup() took 9 ms.
15:50:00.902 [main] INFO  org.testng.internal.Utils - [Utils] MethodGroupsHelper.sortMethods() took 13 ms.
15:50:00.904 [main] INFO  org.testng.internal.Utils - [Utils] MethodGroupsHelper.collectMethodsByGroup() took 0 ms.
15:50:00.904 [main] INFO  org.testng.internal.Utils - [Utils] MethodGroupsHelper.sortMethods() took 0 ms.
15:50:00.904 [main] INFO  org.testng.internal.Utils - [Utils] MethodGroupsHelper.collectMethodsByGroup() took 0 ms.
15:50:00.905 [main] INFO  org.testng.internal.Utils - [Utils] MethodGroupsHelper.sortMethods() took 0 ms.
15:50:00.905 [main] INFO  org.testng.internal.Utils - [Utils] MethodGroupsHelper.collectMethodsByGroup() took 0 ms.
15:50:00.905 [main] INFO  org.testng.internal.Utils - [Utils] MethodGroupsHelper.sortMethods() took 0 ms.
15:50:00.907 [main] INFO  org.testng.internal.Utils - [Utils] MethodGroupsHelper.collectMethodsByGroup() took 0 ms.
15:50:00.908 [main] INFO  org.testng.internal.Utils - [Utils] MethodGroupsHelper.sortMethods() took 0 ms.
15:50:00.908 [main] INFO  org.testng.internal.Utils - [Utils] MethodGroupsHelper.collectMethodsByGroup() took 0 ms.
15:50:00.908 [main] INFO  org.testng.internal.Utils - [Utils] MethodGroupsHelper.sortMethods() took 0 ms.
15:50:00.912 [main] INFO  org.testng.internal.Utils - [Utils] MethodGroupsHelper.collectMethodsByGroup() took 0 ms.
15:50:00.912 [main] INFO  org.testng.internal.Utils - [Utils] MethodGroupsHelper.sortMethods() took 0 ms.
15:50:00.912 [main] INFO  org.testng.internal.Utils - [Utils] MethodGroupsHelper.collectMethodsByGroup() took 0 ms.
15:50:00.912 [main] INFO  org.testng.internal.Utils - [Utils] MethodGroupsHelper.sortMethods() took 0 ms.
15:50:00.914 [main] INFO  org.testng.internal.Utils - [Utils] MethodGroupsHelper.collectMethodsByGroup() took 1 ms.
15:50:00.914 [main] INFO  org.testng.internal.Utils - [Utils] MethodGroupsHelper.sortMethods() took 0 ms.
15:50:00.916 [main] INFO  org.testng.internal.Utils - [Utils] MethodGroupsHelper.collectMethodsByGroup() took 0 ms.
15:50:00.917 [main] INFO  org.testng.internal.Utils - [Utils] MethodGroupsHelper.sortMethods() took 0 ms.
15:50:00.917 [main] INFO  org.testng.internal.Utils - [Utils] MethodGroupsHelper.collectMethodsByGroup() took 0 ms.
15:50:00.917 [main] INFO  org.testng.internal.Utils - [Utils] MethodGroupsHelper.sortMethods() took 0 ms.
15:50:00.929 [main] INFO  org.testng.internal.Utils - [TestNG] Running:
  C:\Users\dheeraj\AppData\Local\Temp\testng-eclipse--540589206\testng-customsuite.xml

15:50:00.956 [main] INFO  org.testng.internal.Utils - [Utils] DynamicGraphHelper.createDynamicGraph() took 5 ms.
15:50:06.045 [main] INFO  org.testng.internal.Utils - [TestNG] Time taken by org.testng.reporters.jq.Main@20ed3303: 63 ms
15:50:06.046 [main] INFO  org.testng.internal.Utils - [TestNG] Time taken by org.testng.reporters.FailedReporter@49aa766b: 1 ms
15:50:06.052 [main] INFO  org.testng.internal.Utils - [TestNG] Time taken by org.testng.reporters.XMLReporter@26dcd8c0: 6 ms
15:50:06.056 [main] INFO  org.testng.internal.Utils - [TestNG] Time taken by org.testng.reporters.EmailableReporter2@319854f0: 4 ms
15:50:06.061 [main] INFO  org.testng.internal.Utils - [TestNG] Time taken by org.testng.reporters.JUnitReportReporter@1ecfcbc9: 5 ms
15:50:06.061 [main] INFO  org.testng.internal.Utils - [TestNG] Time taken by org.testng.internal.ExitCodeListener@1965539b: 0 ms
15:52:25.174 [main] DEBUG org.testng.TestNG - suiteXmlPath: "C:\Users\dheeraj\AppData\Local\Temp\testng-eclipse--1264455129\testng-customsuite.xml"
15:52:25.469 [main] INFO  org.testng.internal.Utils - [Utils] MethodGroupsHelper.collectMethodsByGroup() took 0 ms.
15:52:25.473 [main] INFO  org.testng.internal.Utils - [Utils] MethodGroupsHelper.sortMethods() took 2 ms.
15:52:25.475 [main] INFO  org.testng.internal.Utils - [Utils] MethodGroupsHelper.collectMethodsByGroup() took 0 ms.
15:52:25.476 [main] INFO  org.testng.internal.Utils - [Utils] MethodGroupsHelper.sortMethods() took 0 ms.
15:52:25.476 [main] INFO  org.testng.internal.Utils - [Utils] MethodGroupsHelper.collectMethodsByGroup() took 0 ms.
15:52:25.476 [main] INFO  org.testng.internal.Utils - [Utils] MethodGroupsHelper.sortMethods() took 0 ms.
15:52:25.477 [main] INFO  org.testng.internal.Utils - [Utils] MethodGroupsHelper.collectMethodsByGroup() took 0 ms.
15:52:25.477 [main] INFO  org.testng.internal.Utils - [Utils] MethodGroupsHelper.sortMethods() took 0 ms.
15:52:25.488 [main] INFO  org.testng.internal.Utils - [Utils] MethodGroupsHelper.collectMethodsByGroup() took 8 ms.
15:52:25.500 [main] INFO  org.testng.internal.Utils - [Utils] MethodGroupsHelper.sortMethods() took 12 ms.
15:52:25.501 [main] INFO  org.testng.internal.Utils - [Utils] MethodGroupsHelper.collectMethodsByGroup() took 0 ms.
15:52:25.502 [main] INFO  org.testng.internal.Utils - [Utils] MethodGroupsHelper.sortMethods() took 0 ms.
15:52:25.502 [main] INFO  org.testng.internal.Utils - [Utils] MethodGroupsHelper.collectMethodsByGroup() took 0 ms.
15:52:25.503 [main] INFO  org.testng.internal.Utils - [Utils] MethodGroupsHelper.sortMethods() took 0 ms.
15:52:25.503 [main] INFO  org.testng.internal.Utils - [Utils] MethodGroupsHelper.collectMethodsByGroup() took 0 ms.
15:52:25.503 [main] INFO  org.testng.internal.Utils - [Utils] MethodGroupsHelper.sortMethods() took 0 ms.
15:52:25.506 [main] INFO  org.testng.internal.Utils - [Utils] MethodGroupsHelper.collectMethodsByGroup() took 0 ms.
15:52:25.506 [main] INFO  org.testng.internal.Utils - [Utils] MethodGroupsHelper.sortMethods() took 0 ms.
15:52:25.507 [main] INFO  org.testng.internal.Utils - [Utils] MethodGroupsHelper.collectMethodsByGroup() took 0 ms.
15:52:25.507 [main] INFO  org.testng.internal.Utils - [Utils] MethodGroupsHelper.sortMethods() took 0 ms.
15:52:25.510 [main] INFO  org.testng.internal.Utils - [Utils] MethodGroupsHelper.collectMethodsByGroup() took 0 ms.
15:52:25.510 [main] INFO  org.testng.internal.Utils - [Utils] MethodGroupsHelper.sortMethods() took 0 ms.
15:52:25.511 [main] INFO  org.testng.internal.Utils - [Utils] MethodGroupsHelper.collectMethodsByGroup() took 0 ms.
15:52:25.511 [main] INFO  org.testng.internal.Utils - [Utils] MethodGroupsHelper.sortMethods() took 0 ms.
15:52:25.513 [main] INFO  org.testng.internal.Utils - [Utils] MethodGroupsHelper.collectMethodsByGroup() took 0 ms.
15:52:25.514 [main] INFO  org.testng.internal.Utils - [Utils] MethodGroupsHelper.sortMethods() took 1 ms.
15:52:25.516 [main] INFO  org.testng.internal.Utils - [Utils] MethodGroupsHelper.collectMethodsByGroup() took 0 ms.
15:52:25.516 [main] INFO  org.testng.internal.Utils - [Utils] MethodGroupsHelper.sortMethods() took 0 ms.
15:52:25.516 [main] INFO  org.testng.internal.Utils - [Utils] MethodGroupsHelper.collectMethodsByGroup() took 0 ms.
15:52:25.516 [main] INFO  org.testng.internal.Utils - [Utils] MethodGroupsHelper.sortMethods() took 0 ms.
15:52:25.528 [main] INFO  org.testng.internal.Utils - [TestNG] Running:
  C:\Users\dheeraj\AppData\Local\Temp\testng-eclipse--1264455129\testng-customsuite.xml

15:52:25.553 [main] INFO  org.testng.internal.Utils - [Utils] DynamicGraphHelper.createDynamicGraph() took 6 ms.
15:52:30.339 [main] INFO  testCases.TC001_AccountRegistrationTest - ......We are the First test cases......
15:52:30.452 [main] INFO  org.testng.internal.Utils - [TestNG] Time taken by org.testng.reporters.jq.Main@963176: 47 ms
15:52:30.453 [main] INFO  org.testng.internal.Utils - [TestNG] Time taken by org.testng.reporters.FailedReporter@562c877a: 1 ms
15:52:30.459 [main] INFO  org.testng.internal.Utils - [TestNG] Time taken by org.testng.reporters.XMLReporter@773c0293: 6 ms
15:52:30.464 [main] INFO  org.testng.internal.Utils - [TestNG] Time taken by org.testng.reporters.EmailableReporter2@4af46df3: 5 ms
15:52:30.468 [main] INFO  org.testng.internal.Utils - [TestNG] Time taken by org.testng.reporters.JUnitReportReporter@55cff952: 4 ms
15:52:30.468 [main] INFO  org.testng.internal.Utils - [TestNG] Time taken by org.testng.internal.ExitCodeListener@660591fb: 0 ms
16:05:34.205 [main] DEBUG org.testng.TestNG - suiteXmlPath: "C:\Users\dheeraj\AppData\Local\Temp\testng-eclipse-1616002005\testng-customsuite.xml"
16:05:34.495 [main] INFO  org.testng.internal.Utils - [Utils] MethodGroupsHelper.collectMethodsByGroup() took 1 ms.
16:05:34.499 [main] INFO  org.testng.internal.Utils - [Utils] MethodGroupsHelper.sortMethods() took 2 ms.
16:05:34.501 [main] INFO  org.testng.internal.Utils - [Utils] MethodGroupsHelper.collectMethodsByGroup() took 0 ms.
16:05:34.501 [main] INFO  org.testng.internal.Utils - [Utils] MethodGroupsHelper.sortMethods() took 0 ms.
16:05:34.502 [main] INFO  org.testng.internal.Utils - [Utils] MethodGroupsHelper.collectMethodsByGroup() took 0 ms.
16:05:34.502 [main] INFO  org.testng.internal.Utils - [Utils] MethodGroupsHelper.sortMethods() took 0 ms.
16:05:34.503 [main] INFO  org.testng.internal.Utils - [Utils] MethodGroupsHelper.collectMethodsByGroup() took 0 ms.
16:05:34.503 [main] INFO  org.testng.internal.Utils - [Utils] MethodGroupsHelper.sortMethods() took 0 ms.
16:05:34.513 [main] INFO  org.testng.internal.Utils - [Utils] MethodGroupsHelper.collectMethodsByGroup() took 7 ms.
16:05:34.526 [main] INFO  org.testng.internal.Utils - [Utils] MethodGroupsHelper.sortMethods() took 13 ms.
16:05:34.528 [main] INFO  org.testng.internal.Utils - [Utils] MethodGroupsHelper.collectMethodsByGroup() took 0 ms.
16:05:34.528 [main] INFO  org.testng.internal.Utils - [Utils] MethodGroupsHelper.sortMethods() took 0 ms.
16:05:34.529 [main] INFO  org.testng.internal.Utils - [Utils] MethodGroupsHelper.collectMethodsByGroup() took 0 ms.
16:05:34.529 [main] INFO  org.testng.internal.Utils - [Utils] MethodGroupsHelper.sortMethods() took 0 ms.
16:05:34.530 [main] INFO  org.testng.internal.Utils - [Utils] MethodGroupsHelper.collectMethodsByGroup() took 0 ms.
16:05:34.530 [main] INFO  org.testng.internal.Utils - [Utils] MethodGroupsHelper.sortMethods() took 0 ms.
16:05:34.533 [main] INFO  org.testng.internal.Utils - [Utils] MethodGroupsHelper.collectMethodsByGroup() took 0 ms.
16:05:34.534 [main] INFO  org.testng.internal.Utils - [Utils] MethodGroupsHelper.sortMethods() took 0 ms.
16:05:34.534 [main] INFO  org.testng.internal.Utils - [Utils] MethodGroupsHelper.collectMethodsByGroup() took 0 ms.
16:05:34.535 [main] INFO  org.testng.internal.Utils - [Utils] MethodGroupsHelper.sortMethods() took 0 ms.
16:05:34.538 [main] INFO  org.testng.internal.Utils - [Utils] MethodGroupsHelper.collectMethodsByGroup() took 0 ms.
16:05:34.538 [main] INFO  org.testng.internal.Utils - [Utils] MethodGroupsHelper.sortMethods() took 0 ms.
16:05:34.539 [main] INFO  org.testng.internal.Utils - [Utils] MethodGroupsHelper.collectMethodsByGroup() took 0 ms.
16:05:34.539 [main] INFO  org.testng.internal.Utils - [Utils] MethodGroupsHelper.sortMethods() took 0 ms.
16:05:34.540 [main] INFO  org.testng.internal.Utils - [Utils] MethodGroupsHelper.collectMethodsByGroup() took 1 ms.
16:05:34.541 [main] INFO  org.testng.internal.Utils - [Utils] MethodGroupsHelper.sortMethods() took 0 ms.
16:05:34.544 [main] INFO  org.testng.internal.Utils - [Utils] MethodGroupsHelper.collectMethodsByGroup() took 0 ms.
16:05:34.544 [main] INFO  org.testng.internal.Utils - [Utils] MethodGroupsHelper.sortMethods() took 0 ms.
16:05:34.544 [main] INFO  org.testng.internal.Utils - [Utils] MethodGroupsHelper.collectMethodsByGroup() took 0 ms.
16:05:34.544 [main] INFO  org.testng.internal.Utils - [Utils] MethodGroupsHelper.sortMethods() took 0 ms.
16:05:34.557 [main] INFO  org.testng.internal.Utils - [TestNG] Running:
  C:\Users\dheeraj\AppData\Local\Temp\testng-eclipse-1616002005\testng-customsuite.xml

16:05:34.587 [main] INFO  org.testng.internal.Utils - [Utils] DynamicGraphHelper.createDynamicGraph() took 7 ms.
16:05:38.419 [main] INFO  testCases.TC001_AccountRegistrationTest - ****Starting TC001_AccountRegistrationTest ****
16:05:38.517 [main] INFO  testCases.TC001_AccountRegistrationTest - Clicked on MyAccount
16:05:38.879 [main] INFO  testCases.TC001_AccountRegistrationTest - Clicked on MyRegister
16:05:38.882 [main] INFO  testCases.TC001_AccountRegistrationTest - Providing customer details
16:05:39.389 [main] INFO  testCases.TC001_AccountRegistrationTest - Validation expected message...
16:05:39.986 [main] INFO  testCases.TC001_AccountRegistrationTest - ......We are the First test cases......
16:05:40.101 [main] INFO  org.testng.internal.Utils - [TestNG] Time taken by org.testng.reporters.jq.Main@963176: 51 ms
16:05:40.103 [main] INFO  org.testng.internal.Utils - [TestNG] Time taken by org.testng.reporters.FailedReporter@562c877a: 2 ms
16:05:40.108 [main] INFO  org.testng.internal.Utils - [TestNG] Time taken by org.testng.reporters.XMLReporter@773c0293: 5 ms
16:05:40.114 [main] INFO  org.testng.internal.Utils - [TestNG] Time taken by org.testng.reporters.EmailableReporter2@4af46df3: 5 ms
16:05:40.118 [main] INFO  org.testng.internal.Utils - [TestNG] Time taken by org.testng.reporters.JUnitReportReporter@55cff952: 4 ms
16:05:40.119 [main] INFO  org.testng.internal.Utils - [TestNG] Time taken by org.testng.internal.ExitCodeListener@660591fb: 0 ms
16:06:17.673 [main] DEBUG org.testng.TestNG - suiteXmlPath: "C:\Users\dheeraj\AppData\Local\Temp\testng-eclipse-2098754605\testng-customsuite.xml"
16:06:17.944 [main] INFO  org.testng.internal.Utils - [Utils] MethodGroupsHelper.collectMethodsByGroup() took 1 ms.
16:06:17.948 [main] INFO  org.testng.internal.Utils - [Utils] MethodGroupsHelper.sortMethods() took 2 ms.
16:06:17.950 [main] INFO  org.testng.internal.Utils - [Utils] MethodGroupsHelper.collectMethodsByGroup() took 0 ms.
16:06:17.951 [main] INFO  org.testng.internal.Utils - [Utils] MethodGroupsHelper.sortMethods() took 0 ms.
16:06:17.952 [main] INFO  org.testng.internal.Utils - [Utils] MethodGroupsHelper.collectMethodsByGroup() took 0 ms.
16:06:17.952 [main] INFO  org.testng.internal.Utils - [Utils] MethodGroupsHelper.sortMethods() took 0 ms.
16:06:17.953 [main] INFO  org.testng.internal.Utils - [Utils] MethodGroupsHelper.collectMethodsByGroup() took 0 ms.
16:06:17.953 [main] INFO  org.testng.internal.Utils - [Utils] MethodGroupsHelper.sortMethods() took 0 ms.
16:06:17.961 [main] INFO  org.testng.internal.Utils - [Utils] MethodGroupsHelper.collectMethodsByGroup() took 7 ms.
16:06:17.974 [main] INFO  org.testng.internal.Utils - [Utils] MethodGroupsHelper.sortMethods() took 12 ms.
16:06:17.975 [main] INFO  org.testng.internal.Utils - [Utils] MethodGroupsHelper.collectMethodsByGroup() took 0 ms.
16:06:17.975 [main] INFO  org.testng.internal.Utils - [Utils] MethodGroupsHelper.sortMethods() took 0 ms.
16:06:17.976 [main] INFO  org.testng.internal.Utils - [Utils] MethodGroupsHelper.collectMethodsByGroup() took 0 ms.
16:06:17.976 [main] INFO  org.testng.internal.Utils - [Utils] MethodGroupsHelper.sortMethods() took 0 ms.
16:06:17.976 [main] INFO  org.testng.internal.Utils - [Utils] MethodGroupsHelper.collectMethodsByGroup() took 0 ms.
16:06:17.976 [main] INFO  org.testng.internal.Utils - [Utils] MethodGroupsHelper.sortMethods() took 0 ms.
16:06:17.978 [main] INFO  org.testng.internal.Utils - [Utils] MethodGroupsHelper.collectMethodsByGroup() took 0 ms.
16:06:17.978 [main] INFO  org.testng.internal.Utils - [Utils] MethodGroupsHelper.sortMethods() took 0 ms.
16:06:17.979 [main] INFO  org.testng.internal.Utils - [Utils] MethodGroupsHelper.collectMethodsByGroup() took 0 ms.
16:06:17.979 [main] INFO  org.testng.internal.Utils - [Utils] MethodGroupsHelper.sortMethods() took 0 ms.
16:06:17.982 [main] INFO  org.testng.internal.Utils - [Utils] MethodGroupsHelper.collectMethodsByGroup() took 0 ms.
16:06:17.982 [main] INFO  org.testng.internal.Utils - [Utils] MethodGroupsHelper.sortMethods() took 0 ms.
16:06:17.982 [main] INFO  org.testng.internal.Utils - [Utils] MethodGroupsHelper.collectMethodsByGroup() took 0 ms.
16:06:17.982 [main] INFO  org.testng.internal.Utils - [Utils] MethodGroupsHelper.sortMethods() took 0 ms.
16:06:17.984 [main] INFO  org.testng.internal.Utils - [Utils] MethodGroupsHelper.collectMethodsByGroup() took 1 ms.
16:06:17.985 [main] INFO  org.testng.internal.Utils - [Utils] MethodGroupsHelper.sortMethods() took 1 ms.
16:06:17.987 [main] INFO  org.testng.internal.Utils - [Utils] MethodGroupsHelper.collectMethodsByGroup() took 0 ms.
16:06:17.987 [main] INFO  org.testng.internal.Utils - [Utils] MethodGroupsHelper.sortMethods() took 0 ms.
16:06:17.987 [main] INFO  org.testng.internal.Utils - [Utils] MethodGroupsHelper.collectMethodsByGroup() took 0 ms.
16:06:17.987 [main] INFO  org.testng.internal.Utils - [Utils] MethodGroupsHelper.sortMethods() took 0 ms.
16:06:18.000 [main] INFO  org.testng.internal.Utils - [TestNG] Running:
  C:\Users\dheeraj\AppData\Local\Temp\testng-eclipse-2098754605\testng-customsuite.xml

16:06:18.024 [main] INFO  org.testng.internal.Utils - [Utils] DynamicGraphHelper.createDynamicGraph() took 5 ms.
16:06:21.050 [main] INFO  testCases.TC001_AccountRegistrationTest - ****Starting TC001_AccountRegistrationTest ****
16:06:21.162 [main] INFO  testCases.TC001_AccountRegistrationTest - Clicked on MyAccount
16:06:21.615 [main] INFO  testCases.TC001_AccountRegistrationTest - Clicked on MyRegister
16:06:21.618 [main] INFO  testCases.TC001_AccountRegistrationTest - Providing customer details
16:06:22.137 [main] INFO  testCases.TC001_AccountRegistrationTest - Validation expected message...
16:06:22.737 [main] INFO  testCases.TC001_AccountRegistrationTest - ......We are the First test cases......
16:06:22.847 [main] INFO  org.testng.internal.Utils - [TestNG] Time taken by org.testng.reporters.jq.Main@963176: 47 ms
16:06:22.849 [main] INFO  org.testng.internal.Utils - [TestNG] Time taken by org.testng.reporters.FailedReporter@562c877a: 1 ms
16:06:22.854 [main] INFO  org.testng.internal.Utils - [TestNG] Time taken by org.testng.reporters.XMLReporter@773c0293: 5 ms
16:06:22.859 [main] INFO  org.testng.internal.Utils - [TestNG] Time taken by org.testng.reporters.EmailableReporter2@4af46df3: 5 ms
16:06:22.865 [main] INFO  org.testng.internal.Utils - [TestNG] Time taken by org.testng.reporters.JUnitReportReporter@55cff952: 6 ms
16:06:22.865 [main] INFO  org.testng.internal.Utils - [TestNG] Time taken by org.testng.internal.ExitCodeListener@660591fb: 0 ms
16:07:43.612 [main] DEBUG org.testng.TestNG - suiteXmlPath: "C:\Users\dheeraj\AppData\Local\Temp\testng-eclipse-1184080587\testng-customsuite.xml"
16:07:43.918 [main] INFO  org.testng.internal.Utils - [Utils] MethodGroupsHelper.collectMethodsByGroup() took 1 ms.
16:07:43.921 [main] INFO  org.testng.internal.Utils - [Utils] MethodGroupsHelper.sortMethods() took 2 ms.
16:07:43.923 [main] INFO  org.testng.internal.Utils - [Utils] MethodGroupsHelper.collectMethodsByGroup() took 0 ms.
16:07:43.924 [main] INFO  org.testng.internal.Utils - [Utils] MethodGroupsHelper.sortMethods() took 0 ms.
16:07:43.924 [main] INFO  org.testng.internal.Utils - [Utils] MethodGroupsHelper.collectMethodsByGroup() took 0 ms.
16:07:43.924 [main] INFO  org.testng.internal.Utils - [Utils] MethodGroupsHelper.sortMethods() took 0 ms.
16:07:43.925 [main] INFO  org.testng.internal.Utils - [Utils] MethodGroupsHelper.collectMethodsByGroup() took 0 ms.
16:07:43.925 [main] INFO  org.testng.internal.Utils - [Utils] MethodGroupsHelper.sortMethods() took 0 ms.
16:07:43.933 [main] INFO  org.testng.internal.Utils - [Utils] MethodGroupsHelper.collectMethodsByGroup() took 7 ms.
16:07:43.947 [main] INFO  org.testng.internal.Utils - [Utils] MethodGroupsHelper.sortMethods() took 14 ms.
16:07:43.949 [main] INFO  org.testng.internal.Utils - [Utils] MethodGroupsHelper.collectMethodsByGroup() took 0 ms.
16:07:43.949 [main] INFO  org.testng.internal.Utils - [Utils] MethodGroupsHelper.sortMethods() took 0 ms.
16:07:43.950 [main] INFO  org.testng.internal.Utils - [Utils] MethodGroupsHelper.collectMethodsByGroup() took 0 ms.
16:07:43.950 [main] INFO  org.testng.internal.Utils - [Utils] MethodGroupsHelper.sortMethods() took 0 ms.
16:07:43.951 [main] INFO  org.testng.internal.Utils - [Utils] MethodGroupsHelper.collectMethodsByGroup() took 0 ms.
16:07:43.952 [main] INFO  org.testng.internal.Utils - [Utils] MethodGroupsHelper.sortMethods() took 0 ms.
16:07:43.954 [main] INFO  org.testng.internal.Utils - [Utils] MethodGroupsHelper.collectMethodsByGroup() took 0 ms.
16:07:43.954 [main] INFO  org.testng.internal.Utils - [Utils] MethodGroupsHelper.sortMethods() took 0 ms.
16:07:43.955 [main] INFO  org.testng.internal.Utils - [Utils] MethodGroupsHelper.collectMethodsByGroup() took 0 ms.
16:07:43.955 [main] INFO  org.testng.internal.Utils - [Utils] MethodGroupsHelper.sortMethods() took 0 ms.
16:07:43.958 [main] INFO  org.testng.internal.Utils - [Utils] MethodGroupsHelper.collectMethodsByGroup() took 0 ms.
16:07:43.958 [main] INFO  org.testng.internal.Utils - [Utils] MethodGroupsHelper.sortMethods() took 0 ms.
16:07:43.959 [main] INFO  org.testng.internal.Utils - [Utils] MethodGroupsHelper.collectMethodsByGroup() took 0 ms.
16:07:43.959 [main] INFO  org.testng.internal.Utils - [Utils] MethodGroupsHelper.sortMethods() took 0 ms.
16:07:43.961 [main] INFO  org.testng.internal.Utils - [Utils] MethodGroupsHelper.collectMethodsByGroup() took 1 ms.
16:07:43.962 [main] INFO  org.testng.internal.Utils - [Utils] MethodGroupsHelper.sortMethods() took 1 ms.
16:07:43.964 [main] INFO  org.testng.internal.Utils - [Utils] MethodGroupsHelper.collectMethodsByGroup() took 0 ms.
16:07:43.964 [main] INFO  org.testng.internal.Utils - [Utils] MethodGroupsHelper.sortMethods() took 0 ms.
16:07:43.965 [main] INFO  org.testng.internal.Utils - [Utils] MethodGroupsHelper.collectMethodsByGroup() took 0 ms.
16:07:43.965 [main] INFO  org.testng.internal.Utils - [Utils] MethodGroupsHelper.sortMethods() took 0 ms.
16:07:43.978 [main] INFO  org.testng.internal.Utils - [TestNG] Running:
  C:\Users\dheeraj\AppData\Local\Temp\testng-eclipse-1184080587\testng-customsuite.xml

16:07:44.003 [main] INFO  org.testng.internal.Utils - [Utils] DynamicGraphHelper.createDynamicGraph() took 6 ms.
16:07:46.928 [main] INFO  testCases.TC001_AccountRegistrationTest - ****Starting TC001_AccountRegistrationTest ****
16:07:47.053 [main] INFO  testCases.TC001_AccountRegistrationTest - Clicked on MyAccount
16:07:47.512 [main] INFO  testCases.TC001_AccountRegistrationTest - Clicked on MyRegister
16:07:47.516 [main] INFO  testCases.TC001_AccountRegistrationTest - Providing customer details
16:07:48.025 [main] INFO  testCases.TC001_AccountRegistrationTest - Validation expected message...
16:07:48.625 [main] INFO  testCases.TC001_AccountRegistrationTest - ......We are the First test cases......
16:07:48.657 [main] INFO  testCases.TC001_AccountRegistrationTest - .......finish TC001_AccountRegistrationTest.....
16:07:48.750 [main] INFO  org.testng.internal.Utils - [TestNG] Time taken by org.testng.reporters.jq.Main@963176: 55 ms
16:07:48.751 [main] INFO  org.testng.internal.Utils - [TestNG] Time taken by org.testng.reporters.FailedReporter@562c877a: 0 ms
16:07:48.756 [main] INFO  org.testng.internal.Utils - [TestNG] Time taken by org.testng.reporters.XMLReporter@773c0293: 5 ms
16:07:48.761 [main] INFO  org.testng.internal.Utils - [TestNG] Time taken by org.testng.reporters.EmailableReporter2@4af46df3: 5 ms
16:07:48.767 [main] INFO  org.testng.internal.Utils - [TestNG] Time taken by org.testng.reporters.JUnitReportReporter@55cff952: 6 ms
16:07:48.767 [main] INFO  org.testng.internal.Utils - [TestNG] Time taken by org.testng.internal.ExitCodeListener@660591fb: 0 ms
16:24:04.887 [main] DEBUG org.testng.TestNG - suiteXmlPath: "C:\Users\dheeraj\eclipse-workspace\OpencartV121\master.xml"
16:24:05.237 [main] INFO  org.testng.internal.Utils - [TestNG] Running:
  C:\Users\dheeraj\eclipse-workspace\OpencartV121\master.xml

16:24:10.694 [main] INFO  testCases.TC001_AccountRegistrationTest - ****Starting TC001_AccountRegistrationTest ****
16:24:10.807 [main] INFO  testCases.TC001_AccountRegistrationTest - Clicked on MyAccount
16:24:11.486 [main] INFO  testCases.TC001_AccountRegistrationTest - Clicked on MyRegister
16:24:11.489 [main] INFO  testCases.TC001_AccountRegistrationTest - Providing customer details
16:24:12.005 [main] INFO  testCases.TC001_AccountRegistrationTest - Validation expected message...
16:24:12.663 [main] INFO  testCases.TC001_AccountRegistrationTest - ......We are the First test cases......
16:24:12.701 [main] INFO  testCases.TC001_AccountRegistrationTest - .......finish TC001_AccountRegistrationTest.....
16:26:58.855 [main] DEBUG org.testng.TestNG - suiteXmlPath: "C:\Users\dheeraj\eclipse-workspace\OpencartV121\master.xml"
16:26:59.214 [main] INFO  org.testng.internal.Utils - [TestNG] Running:
  C:\Users\dheeraj\eclipse-workspace\OpencartV121\master.xml

16:27:02.169 [main] INFO  testCases.TC001_AccountRegistrationTest - ****Starting TC001_AccountRegistrationTest ****
16:27:02.339 [main] INFO  testCases.TC001_AccountRegistrationTest - Clicked on MyAccount
16:27:02.710 [main] INFO  testCases.TC001_AccountRegistrationTest - Clicked on MyRegister
16:27:02.714 [main] INFO  testCases.TC001_AccountRegistrationTest - Providing customer details
16:27:03.238 [main] INFO  testCases.TC001_AccountRegistrationTest - Validation expected message...
16:27:03.884 [main] INFO  testCases.TC001_AccountRegistrationTest - ......We are the First test cases......
16:27:03.916 [main] INFO  testCases.TC001_AccountRegistrationTest - .......finish TC001_AccountRegistrationTest.....
16:28:15.903 [main] DEBUG org.testng.TestNG - suiteXmlPath: "C:\Users\dheeraj\eclipse-workspace\OpencartV121\master.xml"
16:28:16.249 [main] INFO  org.testng.internal.Utils - [TestNG] Running:
  C:\Users\dheeraj\eclipse-workspace\OpencartV121\master.xml

16:28:26.558 [main] INFO  testCases.TC001_AccountRegistrationTest - ****Starting TC001_AccountRegistrationTest ****
16:28:26.692 [main] INFO  testCases.TC001_AccountRegistrationTest - Clicked on MyAccount
16:28:27.197 [main] INFO  testCases.TC001_AccountRegistrationTest - Clicked on MyRegister
16:28:27.200 [main] INFO  testCases.TC001_AccountRegistrationTest - Providing customer details
16:28:27.946 [main] INFO  testCases.TC001_AccountRegistrationTest - Validation expected message...
16:28:28.536 [main] INFO  testCases.TC001_AccountRegistrationTest - ......We are the First test cases......
16:28:28.579 [main] INFO  testCases.TC001_AccountRegistrationTest - .......finish TC001_AccountRegistrationTest.....
16:33:35.912 [main] DEBUG org.testng.TestNG - suiteXmlPath: "C:\Users\dheeraj\eclipse-workspace\OpencartV121\crossbrowsertesting.xml"
16:33:36.306 [main] INFO  org.testng.internal.Utils - [TestNG] Running:
  C:\Users\dheeraj\eclipse-workspace\OpencartV121\crossbrowsertesting.xml

16:33:41.906 [main] INFO  testCases.TC001_AccountRegistrationTest - ****Starting TC001_AccountRegistrationTest ****
16:33:42.002 [main] INFO  testCases.TC001_AccountRegistrationTest - Clicked on MyAccount
16:33:42.394 [main] INFO  testCases.TC001_AccountRegistrationTest - Clicked on MyRegister
16:33:42.396 [main] INFO  testCases.TC001_AccountRegistrationTest - Providing customer details
16:33:42.899 [main] INFO  testCases.TC001_AccountRegistrationTest - Validation expected message...
16:33:43.775 [main] INFO  testCases.TC001_AccountRegistrationTest - ......We are the First test cases......
16:33:43.812 [main] INFO  testCases.TC001_AccountRegistrationTest - .......finish TC001_AccountRegistrationTest.....
16:33:48.500 [main] INFO  testCases.TC001_AccountRegistrationTest - ****Starting TC001_AccountRegistrationTest ****
16:33:48.630 [main] INFO  testCases.TC001_AccountRegistrationTest - Clicked on MyAccount
16:33:49.299 [main] INFO  testCases.TC001_AccountRegistrationTest - Clicked on MyRegister
16:33:49.300 [main] INFO  testCases.TC001_AccountRegistrationTest - Providing customer details
16:33:50.052 [main] INFO  testCases.TC001_AccountRegistrationTest - Validation expected message...
16:33:50.761 [main] INFO  testCases.TC001_AccountRegistrationTest - ......We are the First test cases......
16:33:50.810 [main] INFO  testCases.TC001_AccountRegistrationTest - .......finish TC001_AccountRegistrationTest.....
16:34:02.503 [main] INFO  testCases.TC001_AccountRegistrationTest - ****Starting TC001_AccountRegistrationTest ****
16:34:02.793 [main] INFO  testCases.TC001_AccountRegistrationTest - Clicked on MyAccount
16:34:03.400 [main] INFO  testCases.TC001_AccountRegistrationTest - Clicked on MyRegister
16:34:03.401 [main] INFO  testCases.TC001_AccountRegistrationTest - Providing customer details
16:34:04.058 [main] INFO  testCases.TC001_AccountRegistrationTest - Validation expected message...
16:34:04.108 [main] INFO  testCases.TC001_AccountRegistrationTest - ......We are the First test cases......
16:34:04.946 [main] INFO  testCases.TC001_AccountRegistrationTest - .......finish TC001_AccountRegistrationTest.....
16:35:17.476 [main] DEBUG org.testng.TestNG - suiteXmlPath: "C:\Users\dheeraj\eclipse-workspace\OpencartV121\crossbrowsertesting.xml"
16:35:17.868 [main] INFO  org.testng.internal.Utils - [TestNG] Running:
  C:\Users\dheeraj\eclipse-workspace\OpencartV121\crossbrowsertesting.xml

16:35:21.639 [TestNG-tests-1] INFO  testCases.TC001_AccountRegistrationTest - ****Starting TC001_AccountRegistrationTest ****
16:35:22.172 [TestNG-tests-1] INFO  testCases.TC001_AccountRegistrationTest - Clicked on MyAccount
16:35:22.900 [TestNG-tests-2] INFO  testCases.TC001_AccountRegistrationTest - ****Starting TC001_AccountRegistrationTest ****
16:35:23.062 [TestNG-tests-2] INFO  testCases.TC001_AccountRegistrationTest - Clicked on MyAccount
16:35:23.556 [TestNG-tests-2] INFO  testCases.TC001_AccountRegistrationTest - Clicked on MyRegister
16:35:23.560 [TestNG-tests-2] INFO  testCases.TC001_AccountRegistrationTest - Providing customer details
16:35:23.589 [TestNG-tests-1] INFO  testCases.TC001_AccountRegistrationTest - Clicked on MyRegister
16:35:23.590 [TestNG-tests-1] INFO  testCases.TC001_AccountRegistrationTest - Providing customer details
16:35:24.757 [TestNG-tests-2] INFO  testCases.TC001_AccountRegistrationTest - Validation expected message...
16:35:24.782 [TestNG-tests-1] INFO  testCases.TC001_AccountRegistrationTest - Validation expected message...
16:35:25.638 [TestNG-tests-2] INFO  testCases.TC001_AccountRegistrationTest - ......We are the First test cases......
16:35:25.692 [TestNG-tests-2] INFO  testCases.TC001_AccountRegistrationTest - .......finish TC001_AccountRegistrationTest.....
16:35:25.905 [TestNG-tests-1] INFO  testCases.TC001_AccountRegistrationTest - ......We are the First test cases......
16:35:25.945 [TestNG-tests-1] INFO  testCases.TC001_AccountRegistrationTest - .......finish TC001_AccountRegistrationTest.....
16:35:26.404 [TestNG-tests-3] INFO  testCases.TC001_AccountRegistrationTest - ****Starting TC001_AccountRegistrationTest ****
16:35:26.688 [TestNG-tests-3] INFO  testCases.TC001_AccountRegistrationTest - Clicked on MyAccount
16:35:27.089 [TestNG-tests-3] INFO  testCases.TC001_AccountRegistrationTest - Clicked on MyRegister
16:35:27.090 [TestNG-tests-3] INFO  testCases.TC001_AccountRegistrationTest - Providing customer details
16:35:27.746 [TestNG-tests-3] INFO  testCases.TC001_AccountRegistrationTest - Validation expected message...
16:35:27.799 [TestNG-tests-3] INFO  testCases.TC001_AccountRegistrationTest - ......We are the First test cases......
16:35:28.384 [TestNG-tests-3] INFO  testCases.TC001_AccountRegistrationTest - .......finish TC001_AccountRegistrationTest.....
16:46:02.877 [main] DEBUG org.testng.TestNG - suiteXmlPath: "C:\Users\dheeraj\eclipse-workspace\OpencartV121\testng.xml"
16:46:03.273 [main] INFO  org.testng.internal.Utils - [TestNG] Running:
  C:\Users\dheeraj\eclipse-workspace\OpencartV121\testng.xml

16:46:35.030 [main] DEBUG org.testng.TestNG - suiteXmlPath: "C:\Users\dheeraj\eclipse-workspace\OpencartV121\master.xml"
16:46:35.362 [main] INFO  org.testng.internal.Utils - [TestNG] Running:
  C:\Users\dheeraj\eclipse-workspace\OpencartV121\master.xml

16:46:38.795 [main] INFO  testCases.TC001_AccountRegistrationTest - ****Starting TC001_AccountRegistrationTest ****
16:46:38.908 [main] INFO  testCases.TC001_AccountRegistrationTest - Clicked on MyAccount
16:46:39.284 [main] INFO  testCases.TC001_AccountRegistrationTest - Clicked on MyRegister
16:46:39.286 [main] INFO  testCases.TC001_AccountRegistrationTest - Providing customer details
16:46:39.805 [main] INFO  testCases.TC001_AccountRegistrationTest - Validation expected message...
16:46:40.407 [main] INFO  testCases.TC001_AccountRegistrationTest - ......We are the First test cases......
16:46:40.441 [main] INFO  testCases.TC001_AccountRegistrationTest - .......finish TC001_AccountRegistrationTest.....
17:20:57.997 [main] DEBUG org.testng.TestNG - suiteXmlPath: "C:\Users\dheeraj\AppData\Local\Temp\testng-eclipse-219245240\testng-customsuite.xml"
17:20:58.240 [main] INFO  org.testng.internal.Utils - [Utils] MethodGroupsHelper.collectMethodsByGroup() took 1 ms.
17:20:58.243 [main] INFO  org.testng.internal.Utils - [Utils] MethodGroupsHelper.sortMethods() took 2 ms.
17:20:58.244 [main] INFO  org.testng.internal.Utils - [Utils] MethodGroupsHelper.collectMethodsByGroup() took 0 ms.
17:20:58.245 [main] INFO  org.testng.internal.Utils - [Utils] MethodGroupsHelper.sortMethods() took 0 ms.
17:20:58.245 [main] INFO  org.testng.internal.Utils - [Utils] MethodGroupsHelper.collectMethodsByGroup() took 0 ms.
17:20:58.245 [main] INFO  org.testng.internal.Utils - [Utils] MethodGroupsHelper.sortMethods() took 0 ms.
17:20:58.246 [main] INFO  org.testng.internal.Utils - [Utils] MethodGroupsHelper.collectMethodsByGroup() took 0 ms.
17:20:58.246 [main] INFO  org.testng.internal.Utils - [Utils] MethodGroupsHelper.sortMethods() took 0 ms.
17:20:58.253 [main] INFO  org.testng.internal.Utils - [Utils] MethodGroupsHelper.collectMethodsByGroup() took 4 ms.
17:20:58.265 [main] INFO  org.testng.internal.Utils - [Utils] MethodGroupsHelper.sortMethods() took 10 ms.
17:20:58.266 [main] INFO  org.testng.internal.Utils - [Utils] MethodGroupsHelper.collectMethodsByGroup() took 0 ms.
17:20:58.266 [main] INFO  org.testng.internal.Utils - [Utils] MethodGroupsHelper.sortMethods() took 0 ms.
17:20:58.266 [main] INFO  org.testng.internal.Utils - [Utils] MethodGroupsHelper.collectMethodsByGroup() took 0 ms.
17:20:58.266 [main] INFO  org.testng.internal.Utils - [Utils] MethodGroupsHelper.sortMethods() took 0 ms.
17:20:58.266 [main] INFO  org.testng.internal.Utils - [Utils] MethodGroupsHelper.collectMethodsByGroup() took 0 ms.
17:20:58.266 [main] INFO  org.testng.internal.Utils - [Utils] MethodGroupsHelper.sortMethods() took 0 ms.
17:20:58.268 [main] INFO  org.testng.internal.Utils - [Utils] MethodGroupsHelper.collectMethodsByGroup() took 0 ms.
17:20:58.268 [main] INFO  org.testng.internal.Utils - [Utils] MethodGroupsHelper.sortMethods() took 0 ms.
17:20:58.269 [main] INFO  org.testng.internal.Utils - [Utils] MethodGroupsHelper.collectMethodsByGroup() took 0 ms.
17:20:58.269 [main] INFO  org.testng.internal.Utils - [Utils] MethodGroupsHelper.sortMethods() took 0 ms.
17:20:58.272 [main] INFO  org.testng.internal.Utils - [Utils] MethodGroupsHelper.collectMethodsByGroup() took 0 ms.
17:20:58.273 [main] INFO  org.testng.internal.Utils - [Utils] MethodGroupsHelper.sortMethods() took 0 ms.
17:20:58.273 [main] INFO  org.testng.internal.Utils - [Utils] MethodGroupsHelper.collectMethodsByGroup() took 0 ms.
17:20:58.273 [main] INFO  org.testng.internal.Utils - [Utils] MethodGroupsHelper.sortMethods() took 0 ms.
17:20:58.274 [main] INFO  org.testng.internal.Utils - [Utils] MethodGroupsHelper.collectMethodsByGroup() took 0 ms.
17:20:58.274 [main] INFO  org.testng.internal.Utils - [Utils] MethodGroupsHelper.sortMethods() took 0 ms.
17:20:58.276 [main] INFO  org.testng.internal.Utils - [Utils] MethodGroupsHelper.collectMethodsByGroup() took 0 ms.
17:20:58.276 [main] INFO  org.testng.internal.Utils - [Utils] MethodGroupsHelper.sortMethods() took 0 ms.
17:20:58.277 [main] INFO  org.testng.internal.Utils - [Utils] MethodGroupsHelper.collectMethodsByGroup() took 0 ms.
17:20:58.277 [main] INFO  org.testng.internal.Utils - [Utils] MethodGroupsHelper.sortMethods() took 0 ms.
17:20:58.285 [main] INFO  org.testng.internal.Utils - [TestNG] Running:
  C:\Users\dheeraj\AppData\Local\Temp\testng-eclipse-219245240\testng-customsuite.xml

17:20:58.302 [main] INFO  org.testng.internal.Utils - [Utils] DynamicGraphHelper.createDynamicGraph() took 5 ms.
17:20:58.473 [main] INFO  org.testng.internal.Utils - [TestNG] Time taken by org.testng.reporters.jq.Main@4e858e0a: 69 ms
17:20:58.486 [main] INFO  org.testng.internal.Utils - [TestNG] Time taken by org.testng.reporters.FailedReporter@793138bd: 13 ms
17:20:58.495 [main] INFO  org.testng.internal.Utils - [TestNG] Time taken by org.testng.reporters.XMLReporter@758a34ce: 9 ms
17:20:58.502 [main] INFO  org.testng.internal.Utils - [TestNG] Time taken by org.testng.reporters.EmailableReporter2@a4ca3f6: 7 ms
17:20:58.509 [main] INFO  org.testng.internal.Utils - [TestNG] Time taken by org.testng.reporters.JUnitReportReporter@2ccca26f: 7 ms
17:20:58.509 [main] INFO  org.testng.internal.Utils - [TestNG] Time taken by org.testng.internal.ExitCodeListener@66b7550d: 0 ms
17:22:24.984 [main] DEBUG org.testng.TestNG - suiteXmlPath: "C:\Users\dheeraj\eclipse-workspace\OpencartV121\master.xml"
17:23:14.455 [main] DEBUG org.testng.TestNG - suiteXmlPath: "C:\Users\dheeraj\eclipse-workspace\OpencartV121\master.xml"
17:23:43.189 [main] DEBUG org.testng.TestNG - suiteXmlPath: "C:\Users\dheeraj\eclipse-workspace\OpencartV121\master.xml"
17:23:43.407 [main] INFO  org.testng.internal.Utils - [TestNG] Running:
  C:\Users\dheeraj\eclipse-workspace\OpencartV121\master.xml

23:16:28.848 [main] DEBUG org.testng.TestNG - suiteXmlPath: "C:\Users\dheeraj\eclipse-workspace\OpencartV121\master.xml"
23:16:29.220 [main] INFO  org.testng.internal.Utils - [TestNG] Running:
  C:\Users\dheeraj\eclipse-workspace\OpencartV121\master.xml

23:16:34.717 [main] INFO  testCases.TC002_LoginTest - ****Starting TC002_LoginTest ***
23:16:36.513 [main] INFO  testCases.TC002_LoginTest - *** Finished TC002_LoginTest ***** 
00:12:51.246 [main] DEBUG org.testng.TestNG - suiteXmlPath: "C:\Users\dheeraj\eclipse-workspace\OpencartV121\master.xml"
00:12:51.676 [main] INFO  org.testng.internal.Utils - [TestNG] Running:
  C:\Users\dheeraj\eclipse-workspace\OpencartV121\master.xml

00:12:55.620 [main] INFO  testCases.TC002_LoginTest - ****Starting TC002_LoginTest ***
00:12:56.996 [main] INFO  testCases.TC002_LoginTest - *** Finished TC002_LoginTest ***** 
00:19:40.376 [main] DEBUG org.testng.TestNG - suiteXmlPath: "C:\Users\dheeraj\AppData\Local\Temp\testng-eclipse--1045893978\testng-customsuite.xml"
00:19:40.639 [main] INFO  org.testng.internal.Utils - [Utils] MethodGroupsHelper.collectMethodsByGroup() took 0 ms.
00:19:40.646 [main] INFO  org.testng.internal.Utils - [Utils] MethodGroupsHelper.sortMethods() took 2 ms.
00:19:40.650 [main] INFO  org.testng.internal.Utils - [Utils] MethodGroupsHelper.collectMethodsByGroup() took 0 ms.
00:19:40.654 [main] INFO  org.testng.internal.Utils - [Utils] MethodGroupsHelper.sortMethods() took 0 ms.
00:19:40.656 [main] INFO  org.testng.internal.Utils - [Utils] MethodGroupsHelper.collectMethodsByGroup() took 0 ms.
00:19:40.657 [main] INFO  org.testng.internal.Utils - [Utils] MethodGroupsHelper.sortMethods() took 0 ms.
00:19:40.658 [main] INFO  org.testng.internal.Utils - [Utils] MethodGroupsHelper.collectMethodsByGroup() took 0 ms.
